mode: atomic
github.com/Reshusk23/sr-vm-common-go/address.go:28.50,29.61 1 0
github.com/Reshusk23/sr-vm-common-go/address.go:29.61,31.3 1 0
github.com/Reshusk23/sr-vm-common-go/address.go:32.2,32.137 1 0
github.com/Reshusk23/sr-vm-common-go/address.go:36.53,37.54 1 7
github.com/Reshusk23/sr-vm-common-go/address.go:37.54,39.3 1 1
github.com/Reshusk23/sr-vm-common-go/address.go:41.2,41.32 1 6
github.com/Reshusk23/sr-vm-common-go/address.go:41.32,43.3 1 1
github.com/Reshusk23/sr-vm-common-go/address.go:45.2,47.20 3 5
github.com/Reshusk23/sr-vm-common-go/address.go:51.42,54.2 2 6
github.com/Reshusk23/sr-vm-common-go/address.go:57.52,58.26 1 7
github.com/Reshusk23/sr-vm-common-go/address.go:58.26,60.3 1 1
github.com/Reshusk23/sr-vm-common-go/address.go:62.2,62.39 1 6
github.com/Reshusk23/sr-vm-common-go/address.go:62.39,63.48 1 6
github.com/Reshusk23/sr-vm-common-go/address.go:63.48,65.4 1 2
github.com/Reshusk23/sr-vm-common-go/address.go:68.2,68.13 1 4
github.com/Reshusk23/sr-vm-common-go/address.go:72.76,73.88 1 5
github.com/Reshusk23/sr-vm-common-go/address.go:73.88,75.3 1 1
github.com/Reshusk23/sr-vm-common-go/address.go:77.2,77.40 1 4
github.com/Reshusk23/sr-vm-common-go/address.go:77.40,79.3 1 1
github.com/Reshusk23/sr-vm-common-go/address.go:81.2,81.41 1 3
github.com/Reshusk23/sr-vm-common-go/address.go:81.41,83.3 1 1
github.com/Reshusk23/sr-vm-common-go/address.go:85.2,88.31 3 2
github.com/Reshusk23/sr-vm-common-go/address.go:92.47,94.26 2 0
github.com/Reshusk23/sr-vm-common-go/address.go:94.26,96.3 1 0
github.com/Reshusk23/sr-vm-common-go/address.go:98.2,99.66 2 0
github.com/Reshusk23/sr-vm-common-go/codeMetadata.go:30.55,31.40 1 12
github.com/Reshusk23/sr-vm-common-go/codeMetadata.go:31.40,33.3 1 0
github.com/Reshusk23/sr-vm-common-go/codeMetadata.go:35.2,40.3 1 12
github.com/Reshusk23/sr-vm-common-go/codeMetadata.go:44.48,47.26 2 6
github.com/Reshusk23/sr-vm-common-go/codeMetadata.go:47.26,49.3 1 1
github.com/Reshusk23/sr-vm-common-go/codeMetadata.go:50.2,50.23 1 6
github.com/Reshusk23/sr-vm-common-go/codeMetadata.go:50.23,52.3 1 1
github.com/Reshusk23/sr-vm-common-go/codeMetadata.go:53.2,53.22 1 6
github.com/Reshusk23/sr-vm-common-go/codeMetadata.go:53.22,55.3 1 1
github.com/Reshusk23/sr-vm-common-go/codeMetadata.go:56.2,56.26 1 6
github.com/Reshusk23/sr-vm-common-go/codeMetadata.go:56.26,58.3 1 1
github.com/Reshusk23/sr-vm-common-go/codeMetadata.go:60.2,60.14 1 6
github.com/Reshusk23/sr-vm-common-go/common.go:33.41,35.74 2 19
github.com/Reshusk23/sr-vm-common-go/common.go:35.74,37.3 1 3
github.com/Reshusk23/sr-vm-common-go/common.go:39.2,41.46 2 16
github.com/Reshusk23/sr-vm-common-go/common.go:41.46,43.3 1 6
github.com/Reshusk23/sr-vm-common-go/common.go:46.2,46.33 1 10
github.com/Reshusk23/sr-vm-common-go/common.go:46.33,48.3 1 2
github.com/Reshusk23/sr-vm-common-go/common.go:50.2,50.57 1 8
github.com/Reshusk23/sr-vm-common-go/common.go:50.57,52.3 1 3
github.com/Reshusk23/sr-vm-common-go/common.go:54.2,54.13 1 5
github.com/Reshusk23/sr-vm-common-go/common.go:58.44,59.76 1 16
github.com/Reshusk23/sr-vm-common-go/common.go:59.76,61.3 1 0
github.com/Reshusk23/sr-vm-common-go/common.go:62.2,62.32 1 16
github.com/Reshusk23/sr-vm-common-go/common.go:62.32,66.18 4 105
github.com/Reshusk23/sr-vm-common-go/common.go:66.18,68.4 1 6
github.com/Reshusk23/sr-vm-common-go/common.go:71.2,71.13 1 10
github.com/Reshusk23/sr-vm-common-go/common.go:75.45,76.47 1 8
github.com/Reshusk23/sr-vm-common-go/common.go:76.47,78.3 1 0
github.com/Reshusk23/sr-vm-common-go/common.go:79.2,79.27 1 8
github.com/Reshusk23/sr-vm-common-go/common.go:79.27,83.18 4 45
github.com/Reshusk23/sr-vm-common-go/common.go:83.18,85.4 1 3
github.com/Reshusk23/sr-vm-common-go/common.go:88.2,88.13 1 5
github.com/Reshusk23/sr-vm-common-go/common.go:92.46,93.18 1 2
github.com/Reshusk23/sr-vm-common-go/common.go:93.18,95.3 1 1
github.com/Reshusk23/sr-vm-common-go/common.go:97.2,97.14 1 1
github.com/Reshusk23/sr-vm-common-go/gasCost.go:40.49,41.11 1 0
github.com/Reshusk23/sr-vm-common-go/gasCost.go:41.11,43.3 1 0
github.com/Reshusk23/sr-vm-common-go/gasCost.go:44.2,44.19 1 0
github.com/Reshusk23/sr-vm-common-go/output.go:161.93,162.35 1 6
github.com/Reshusk23/sr-vm-common-go/output.go:162.35,164.3 1 1
github.com/Reshusk23/sr-vm-common-go/output.go:166.2,168.16 2 5
github.com/Reshusk23/sr-vm-common-go/output.go:169.19,170.49 1 1
github.com/Reshusk23/sr-vm-common-go/output.go:171.25,172.58 1 1
github.com/Reshusk23/sr-vm-common-go/output.go:173.19,174.33 1 1
github.com/Reshusk23/sr-vm-common-go/output.go:175.16,176.45 1 1
github.com/Reshusk23/sr-vm-common-go/output.go:179.2,179.55 1 1
github.com/Reshusk23/sr-vm-common-go/output.go:183.68,184.30 1 1
github.com/Reshusk23/sr-vm-common-go/output.go:184.30,186.3 1 1
github.com/Reshusk23/sr-vm-common-go/output.go:188.2,190.27 2 1
github.com/Reshusk23/sr-vm-common-go/output.go:190.27,192.3 1 1
github.com/Reshusk23/sr-vm-common-go/output.go:193.2,193.27 1 1
github.com/Reshusk23/sr-vm-common-go/output.go:193.27,195.3 1 0
github.com/Reshusk23/sr-vm-common-go/output.go:196.2,196.32 1 1
github.com/Reshusk23/sr-vm-common-go/output.go:196.32,198.3 1 1
github.com/Reshusk23/sr-vm-common-go/output.go:199.2,199.26 1 1
github.com/Reshusk23/sr-vm-common-go/output.go:199.26,201.3 1 1
github.com/Reshusk23/sr-vm-common-go/output.go:202.2,202.34 1 1
github.com/Reshusk23/sr-vm-common-go/output.go:202.34,204.3 1 0
github.com/Reshusk23/sr-vm-common-go/output.go:205.2,205.28 1 1
github.com/Reshusk23/sr-vm-common-go/output.go:205.28,207.3 1 1
github.com/Reshusk23/sr-vm-common-go/output.go:209.2,211.48 3 1
github.com/Reshusk23/sr-vm-common-go/output.go:211.48,213.3 1 1
github.com/Reshusk23/sr-vm-common-go/output.go:215.2,217.39 2 1
github.com/Reshusk23/sr-vm-common-go/output.go:217.39,219.3 1 0
github.com/Reshusk23/sr-vm-common-go/output.go:223.68,224.29 1 1
github.com/Reshusk23/sr-vm-common-go/output.go:224.29,226.3 1 1
github.com/Reshusk23/sr-vm-common-go/output.go:227.2,227.49 1 1
github.com/Reshusk23/sr-vm-common-go/output.go:227.49,229.3 1 1
github.com/Reshusk23/sr-vm-common-go/returnCodes.go:8.38,9.12 1 0
github.com/Reshusk23/sr-vm-common-go/returnCodes.go:10.10,11.14 1 0
github.com/Reshusk23/sr-vm-common-go/returnCodes.go:12.24,13.30 1 0
github.com/Reshusk23/sr-vm-common-go/returnCodes.go:14.30,15.40 1 0
github.com/Reshusk23/sr-vm-common-go/returnCodes.go:16.24,17.30 1 0
github.com/Reshusk23/sr-vm-common-go/returnCodes.go:18.17,19.22 1 0
github.com/Reshusk23/sr-vm-common-go/returnCodes.go:20.16,21.22 1 0
github.com/Reshusk23/sr-vm-common-go/returnCodes.go:22.24,23.29 1 0
github.com/Reshusk23/sr-vm-common-go/returnCodes.go:24.18,25.24 1 0
github.com/Reshusk23/sr-vm-common-go/returnCodes.go:26.25,27.31 1 0
github.com/Reshusk23/sr-vm-common-go/returnCodes.go:28.23,29.28 1 0
github.com/Reshusk23/sr-vm-common-go/returnCodes.go:30.23,31.28 1 0
github.com/Reshusk23/sr-vm-common-go/returnCodes.go:32.10,33.52 1 0
github.com/Reshusk23/sr-vm-common-go/parsers/callArgsParser.go:9.42,11.2 1 4
github.com/Reshusk23/sr-vm-common-go/parsers/callArgsParser.go:15.80,20.16 4 5
github.com/Reshusk23/sr-vm-common-go/parsers/callArgsParser.go:20.16,22.3 1 2
github.com/Reshusk23/sr-vm-common-go/parsers/callArgsParser.go:24.2,25.16 2 3
github.com/Reshusk23/sr-vm-common-go/parsers/callArgsParser.go:25.16,27.3 1 0
github.com/Reshusk23/sr-vm-common-go/parsers/callArgsParser.go:29.2,30.16 2 3
github.com/Reshusk23/sr-vm-common-go/parsers/callArgsParser.go:30.16,32.3 1 1
github.com/Reshusk23/sr-vm-common-go/parsers/callArgsParser.go:34.2,34.33 1 2
github.com/Reshusk23/sr-vm-common-go/parsers/callArgsParser.go:39.77,44.16 5 4
github.com/Reshusk23/sr-vm-common-go/parsers/callArgsParser.go:44.16,46.3 1 1
github.com/Reshusk23/sr-vm-common-go/parsers/callArgsParser.go:47.2,49.23 2 3
github.com/Reshusk23/sr-vm-common-go/parsers/callArgsParser.go:52.78,53.39 1 3
github.com/Reshusk23/sr-vm-common-go/parsers/callArgsParser.go:53.39,55.3 1 0
github.com/Reshusk23/sr-vm-common-go/parsers/callArgsParser.go:57.2,58.22 2 3
github.com/Reshusk23/sr-vm-common-go/parsers/callArgsParser.go:61.81,64.53 2 7
github.com/Reshusk23/sr-vm-common-go/parsers/callArgsParser.go:64.53,66.17 2 8
github.com/Reshusk23/sr-vm-common-go/parsers/callArgsParser.go:66.17,68.4 1 2
github.com/Reshusk23/sr-vm-common-go/parsers/callArgsParser.go:70.3,70.42 1 6
github.com/Reshusk23/sr-vm-common-go/parsers/callArgsParser.go:73.2,73.23 1 5
github.com/Reshusk23/sr-vm-common-go/parsers/callArgsParser.go:77.53,79.2 1 0
github.com/Reshusk23/sr-vm-common-go/parsers/dctTransferParser.go:32.31,33.29 1 7
github.com/Reshusk23/sr-vm-common-go/parsers/dctTransferParser.go:33.29,35.3 1 1
github.com/Reshusk23/sr-vm-common-go/parsers/dctTransferParser.go:37.2,37.56 1 6
github.com/Reshusk23/sr-vm-common-go/parsers/dctTransferParser.go:46.41,47.18 1 18
github.com/Reshusk23/sr-vm-common-go/parsers/dctTransferParser.go:48.39,49.49 1 3
github.com/Reshusk23/sr-vm-common-go/parsers/dctTransferParser.go:50.42,51.61 1 4
github.com/Reshusk23/sr-vm-common-go/parsers/dctTransferParser.go:52.47,53.51 1 10
github.com/Reshusk23/sr-vm-common-go/parsers/dctTransferParser.go:54.10,55.37 1 1
github.com/Reshusk23/sr-vm-common-go/parsers/dctTransferParser.go:59.121,60.39 1 3
github.com/Reshusk23/sr-vm-common-go/parsers/dctTransferParser.go:60.39,62.3 1 1
github.com/Reshusk23/sr-vm-common-go/parsers/dctTransferParser.go:63.2,69.39 2 2
github.com/Reshusk23/sr-vm-common-go/parsers/dctTransferParser.go:69.39,71.3 1 1
github.com/Reshusk23/sr-vm-common-go/parsers/dctTransferParser.go:72.2,72.41 1 2
github.com/Reshusk23/sr-vm-common-go/parsers/dctTransferParser.go:72.41,74.3 1 1
github.com/Reshusk23/sr-vm-common-go/parsers/dctTransferParser.go:75.2,82.26 2 2
github.com/Reshusk23/sr-vm-common-go/parsers/dctTransferParser.go:85.133,86.42 1 4
github.com/Reshusk23/sr-vm-common-go/parsers/dctTransferParser.go:86.42,88.3 1 1
github.com/Reshusk23/sr-vm-common-go/parsers/dctTransferParser.go:89.2,96.35 2 3
github.com/Reshusk23/sr-vm-common-go/parsers/dctTransferParser.go:96.35,98.3 1 3
github.com/Reshusk23/sr-vm-common-go/parsers/dctTransferParser.go:99.2,99.42 1 3
github.com/Reshusk23/sr-vm-common-go/parsers/dctTransferParser.go:99.42,101.3 1 2
github.com/Reshusk23/sr-vm-common-go/parsers/dctTransferParser.go:102.2,102.44 1 3
github.com/Reshusk23/sr-vm-common-go/parsers/dctTransferParser.go:102.44,104.3 1 2
github.com/Reshusk23/sr-vm-common-go/parsers/dctTransferParser.go:105.2,112.26 2 3
github.com/Reshusk23/sr-vm-common-go/parsers/dctTransferParser.go:115.123,116.47 1 10
github.com/Reshusk23/sr-vm-common-go/parsers/dctTransferParser.go:116.47,118.3 1 1
github.com/Reshusk23/sr-vm-common-go/parsers/dctTransferParser.go:119.2,130.30 6 9
github.com/Reshusk23/sr-vm-common-go/parsers/dctTransferParser.go:130.30,135.3 4 6
github.com/Reshusk23/sr-vm-common-go/parsers/dctTransferParser.go:137.2,138.36 2 9
github.com/Reshusk23/sr-vm-common-go/parsers/dctTransferParser.go:138.36,140.3 1 2
github.com/Reshusk23/sr-vm-common-go/parsers/dctTransferParser.go:142.2,142.36 1 7
github.com/Reshusk23/sr-vm-common-go/parsers/dctTransferParser.go:142.36,144.3 1 4
github.com/Reshusk23/sr-vm-common-go/parsers/dctTransferParser.go:145.2,145.38 1 7
github.com/Reshusk23/sr-vm-common-go/parsers/dctTransferParser.go:145.38,147.3 1 4
github.com/Reshusk23/sr-vm-common-go/parsers/dctTransferParser.go:149.2,151.54 3 7
github.com/Reshusk23/sr-vm-common-go/parsers/dctTransferParser.go:151.54,154.17 3 11
github.com/Reshusk23/sr-vm-common-go/parsers/dctTransferParser.go:154.17,156.4 1 0
github.com/Reshusk23/sr-vm-common-go/parsers/dctTransferParser.go:159.2,159.26 1 7
github.com/Reshusk23/sr-vm-common-go/parsers/dctTransferParser.go:166.34,173.35 2 11
github.com/Reshusk23/sr-vm-common-go/parsers/dctTransferParser.go:173.35,176.94 2 7
github.com/Reshusk23/sr-vm-common-go/parsers/dctTransferParser.go:176.94,179.18 3 3
github.com/Reshusk23/sr-vm-common-go/parsers/dctTransferParser.go:179.18,181.5 1 0
github.com/Reshusk23/sr-vm-common-go/parsers/dctTransferParser.go:182.4,182.51 1 3
github.com/Reshusk23/sr-vm-common-go/parsers/dctTransferParser.go:186.2,186.25 1 11
github.com/Reshusk23/sr-vm-common-go/parsers/dctTransferParser.go:190.51,192.2 1 1
github.com/Reshusk23/sr-vm-common-go/parsers/deployArgsParser.go:19.46,21.2 1 2
github.com/Reshusk23/sr-vm-common-go/parsers/deployArgsParser.go:25.77,29.16 3 10
github.com/Reshusk23/sr-vm-common-go/parsers/deployArgsParser.go:29.16,31.3 1 2
github.com/Reshusk23/sr-vm-common-go/parsers/deployArgsParser.go:33.2,33.41 1 8
github.com/Reshusk23/sr-vm-common-go/parsers/deployArgsParser.go:33.41,35.3 1 1
github.com/Reshusk23/sr-vm-common-go/parsers/deployArgsParser.go:37.2,38.16 2 7
github.com/Reshusk23/sr-vm-common-go/parsers/deployArgsParser.go:38.16,40.3 1 1
github.com/Reshusk23/sr-vm-common-go/parsers/deployArgsParser.go:42.2,43.16 2 6
github.com/Reshusk23/sr-vm-common-go/parsers/deployArgsParser.go:43.16,45.3 1 2
github.com/Reshusk23/sr-vm-common-go/parsers/deployArgsParser.go:47.2,48.16 2 4
github.com/Reshusk23/sr-vm-common-go/parsers/deployArgsParser.go:48.16,50.3 1 1
github.com/Reshusk23/sr-vm-common-go/parsers/deployArgsParser.go:52.2,53.16 2 3
github.com/Reshusk23/sr-vm-common-go/parsers/deployArgsParser.go:53.16,55.3 1 1
github.com/Reshusk23/sr-vm-common-go/parsers/deployArgsParser.go:57.2,57.20 1 2
github.com/Reshusk23/sr-vm-common-go/parsers/deployArgsParser.go:60.76,63.16 3 7
github.com/Reshusk23/sr-vm-common-go/parsers/deployArgsParser.go:63.16,65.3 1 1
github.com/Reshusk23/sr-vm-common-go/parsers/deployArgsParser.go:67.2,67.18 1 6
github.com/Reshusk23/sr-vm-common-go/parsers/deployArgsParser.go:70.78,72.25 2 6
github.com/Reshusk23/sr-vm-common-go/parsers/deployArgsParser.go:72.25,74.3 1 1
github.com/Reshusk23/sr-vm-common-go/parsers/deployArgsParser.go:76.2,77.16 2 5
github.com/Reshusk23/sr-vm-common-go/parsers/deployArgsParser.go:77.16,79.3 1 1
github.com/Reshusk23/sr-vm-common-go/parsers/deployArgsParser.go:81.2,81.20 1 4
github.com/Reshusk23/sr-vm-common-go/parsers/deployArgsParser.go:84.99,87.16 3 4
github.com/Reshusk23/sr-vm-common-go/parsers/deployArgsParser.go:87.16,89.3 1 1
github.com/Reshusk23/sr-vm-common-go/parsers/deployArgsParser.go:91.2,92.26 2 3
github.com/Reshusk23/sr-vm-common-go/parsers/deployArgsParser.go:95.83,98.66 2 3
github.com/Reshusk23/sr-vm-common-go/parsers/deployArgsParser.go:98.66,100.17 2 3
github.com/Reshusk23/sr-vm-common-go/parsers/deployArgsParser.go:100.17,102.4 1 1
github.com/Reshusk23/sr-vm-common-go/parsers/deployArgsParser.go:104.3,104.42 1 2
github.com/Reshusk23/sr-vm-common-go/parsers/deployArgsParser.go:107.2,107.23 1 2
github.com/Reshusk23/sr-vm-common-go/parsers/deployArgsParser.go:111.55,113.2 1 0
github.com/Reshusk23/sr-vm-common-go/parsers/storageUpdatesParser.go:13.54,15.2 1 4
github.com/Reshusk23/sr-vm-common-go/parsers/storageUpdatesParser.go:18.103,22.16 3 3
github.com/Reshusk23/sr-vm-common-go/parsers/storageUpdatesParser.go:22.16,24.3 1 1
github.com/Reshusk23/sr-vm-common-go/parsers/storageUpdatesParser.go:25.2,26.16 2 2
github.com/Reshusk23/sr-vm-common-go/parsers/storageUpdatesParser.go:26.16,28.3 1 1
github.com/Reshusk23/sr-vm-common-go/parsers/storageUpdatesParser.go:30.2,31.38 2 1
github.com/Reshusk23/sr-vm-common-go/parsers/storageUpdatesParser.go:31.38,33.17 2 3
github.com/Reshusk23/sr-vm-common-go/parsers/storageUpdatesParser.go:33.17,35.4 1 0
github.com/Reshusk23/sr-vm-common-go/parsers/storageUpdatesParser.go:37.3,38.17 2 3
github.com/Reshusk23/sr-vm-common-go/parsers/storageUpdatesParser.go:38.17,40.4 1 0
github.com/Reshusk23/sr-vm-common-go/parsers/storageUpdatesParser.go:42.3,43.57 2 3
github.com/Reshusk23/sr-vm-common-go/parsers/storageUpdatesParser.go:46.2,46.28 1 1
github.com/Reshusk23/sr-vm-common-go/parsers/storageUpdatesParser.go:50.114,52.43 2 2
github.com/Reshusk23/sr-vm-common-go/parsers/storageUpdatesParser.go:52.43,58.32 5 3
github.com/Reshusk23/sr-vm-common-go/parsers/storageUpdatesParser.go:58.32,60.4 1 2
github.com/Reshusk23/sr-vm-common-go/parsers/storageUpdatesParser.go:62.2,62.13 1 2
github.com/Reshusk23/sr-vm-common-go/parsers/storageUpdatesParser.go:66.59,68.2 1 0
github.com/Reshusk23/sr-vm-common-go/parsers/tokenize.go:8.46,11.45 2 18
github.com/Reshusk23/sr-vm-common-go/parsers/tokenize.go:11.45,13.3 1 5
github.com/Reshusk23/sr-vm-common-go/parsers/tokenize.go:15.2,15.20 1 13
github.com/Reshusk23/sr-vm-common-go/parsers/tokenize.go:18.48,20.16 2 33
github.com/Reshusk23/sr-vm-common-go/parsers/tokenize.go:20.16,22.3 1 6
github.com/Reshusk23/sr-vm-common-go/parsers/tokenize.go:24.2,24.21 1 27
github.com/Reshusk23/sr-vm-common-go/parsers/tokenize.go:27.51,28.49 1 3
github.com/Reshusk23/sr-vm-common-go/parsers/tokenize.go:28.49,30.3 1 0
github.com/Reshusk23/sr-vm-common-go/parsers/tokenize.go:32.2,32.13 1 3
github.com/Reshusk23/sr-vm-common-go/parsers/tokenize.go:35.52,36.24 1 2
github.com/Reshusk23/sr-vm-common-go/parsers/tokenize.go:36.24,38.3 1 1
github.com/Reshusk23/sr-vm-common-go/parsers/tokenize.go:40.2,40.29 1 1
github.com/Reshusk23/sr-vm-common-go/parsers/dataField/dtos.go:17.57,21.2 1 1
github.com/Reshusk23/sr-vm-common-go/parsers/dataField/parseMultiDCTNFTTransfer.go:8.159,10.9 2 5
github.com/Reshusk23/sr-vm-common-go/parsers/dataField/parseMultiDCTNFTTransfer.go:10.9,12.3 1 4
github.com/Reshusk23/sr-vm-common-go/parsers/dataField/parseMultiDCTNFTTransfer.go:13.2,13.111 1 1
github.com/Reshusk23/sr-vm-common-go/parsers/dataField/parseMultiDCTNFTTransfer.go:13.111,15.3 1 0
github.com/Reshusk23/sr-vm-common-go/parsers/dataField/parseMultiDCTNFTTransfer.go:17.2,18.66 2 1
github.com/Reshusk23/sr-vm-common-go/parsers/dataField/parseMultiDCTNFTTransfer.go:18.66,19.59 1 0
github.com/Reshusk23/sr-vm-common-go/parsers/dataField/parseMultiDCTNFTTransfer.go:19.59,23.4 1 0
github.com/Reshusk23/sr-vm-common-go/parsers/dataField/parseMultiDCTNFTTransfer.go:25.3,26.41 2 0
github.com/Reshusk23/sr-vm-common-go/parsers/dataField/parseMultiDCTNFTTransfer.go:26.41,28.4 1 0
github.com/Reshusk23/sr-vm-common-go/parsers/dataField/parseMultiDCTNFTTransfer.go:30.3,33.91 4 0
github.com/Reshusk23/sr-vm-common-go/parsers/dataField/parseMultiDCTNFTTransfer.go:36.2,36.22 1 1
github.com/Reshusk23/sr-vm-common-go/parsers/dataField/parseSingleDCTTransfer.go:8.137,10.9 2 4
github.com/Reshusk23/sr-vm-common-go/parsers/dataField/parseSingleDCTTransfer.go:10.9,12.3 1 1
github.com/Reshusk23/sr-vm-common-go/parsers/dataField/parseSingleDCTTransfer.go:14.2,14.93 1 3
github.com/Reshusk23/sr-vm-common-go/parsers/dataField/parseSingleDCTTransfer.go:14.93,16.3 1 0
github.com/Reshusk23/sr-vm-common-go/parsers/dataField/parseSingleDCTTransfer.go:18.2,18.122 1 3
github.com/Reshusk23/sr-vm-common-go/parsers/dataField/parseSingleDCTTransfer.go:18.122,20.3 1 1
github.com/Reshusk23/sr-vm-common-go/parsers/dataField/parseSingleDCTTransfer.go:22.2,26.22 4 2
github.com/Reshusk23/sr-vm-common-go/parsers/dataField/parseSingleDCTTransfer.go:29.167,35.16 3 15
github.com/Reshusk23/sr-vm-common-go/parsers/dataField/parseSingleDCTTransfer.go:35.16,37.3 1 6
github.com/Reshusk23/sr-vm-common-go/parsers/dataField/parseSingleDCTTransfer.go:39.2,39.48 1 9
github.com/Reshusk23/sr-vm-common-go/parsers/dataField/parseSingleNFTTransfer.go:10.160,12.9 2 6
github.com/Reshusk23/sr-vm-common-go/parsers/dataField/parseSingleNFTTransfer.go:12.9,14.3 1 1
github.com/Reshusk23/sr-vm-common-go/parsers/dataField/parseSingleNFTTransfer.go:16.2,16.111 1 5
github.com/Reshusk23/sr-vm-common-go/parsers/dataField/parseSingleNFTTransfer.go:16.111,18.3 1 2
github.com/Reshusk23/sr-vm-common-go/parsers/dataField/parseSingleNFTTransfer.go:20.2,20.122 1 5
github.com/Reshusk23/sr-vm-common-go/parsers/dataField/parseSingleNFTTransfer.go:20.122,22.3 1 0
github.com/Reshusk23/sr-vm-common-go/parsers/dataField/parseSingleNFTTransfer.go:24.2,25.35 2 5
github.com/Reshusk23/sr-vm-common-go/parsers/dataField/parseSingleNFTTransfer.go:25.35,27.3 1 5
github.com/Reshusk23/sr-vm-common-go/parsers/dataField/parseSingleNFTTransfer.go:29.2,36.33 6 5
github.com/Reshusk23/sr-vm-common-go/parsers/dataField/parseSingleNFTTransfer.go:36.33,38.3 1 4
github.com/Reshusk23/sr-vm-common-go/parsers/dataField/parseSingleNFTTransfer.go:40.2,43.22 3 1
github.com/Reshusk23/sr-vm-common-go/parsers/dataField/parser.go:43.105,44.35 1 10
github.com/Reshusk23/sr-vm-common-go/parsers/dataField/parser.go:44.35,46.3 1 1
github.com/Reshusk23/sr-vm-common-go/parsers/dataField/parser.go:47.2,47.29 1 9
github.com/Reshusk23/sr-vm-common-go/parsers/dataField/parser.go:47.29,49.3 1 0
github.com/Reshusk23/sr-vm-common-go/parsers/dataField/parser.go:51.2,53.16 3 9
github.com/Reshusk23/sr-vm-common-go/parsers/dataField/parser.go:53.16,55.3 1 0
github.com/Reshusk23/sr-vm-common-go/parsers/dataField/parser.go:57.2,62.8 1 9
github.com/Reshusk23/sr-vm-common-go/parsers/dataField/parser.go:66.126,68.2 1 37
github.com/Reshusk23/sr-vm-common-go/parsers/dataField/parser.go:70.146,76.16 3 41
github.com/Reshusk23/sr-vm-common-go/parsers/dataField/parser.go:76.16,79.3 2 1
github.com/Reshusk23/sr-vm-common-go/parsers/dataField/parser.go:81.2,82.16 2 40
github.com/Reshusk23/sr-vm-common-go/parsers/dataField/parser.go:82.16,84.3 1 3
github.com/Reshusk23/sr-vm-common-go/parsers/dataField/parser.go:86.2,86.18 1 37
github.com/Reshusk23/sr-vm-common-go/parsers/dataField/parser.go:87.39,88.70 1 4
github.com/Reshusk23/sr-vm-common-go/parsers/dataField/parser.go:89.42,90.86 1 6
github.com/Reshusk23/sr-vm-common-go/parsers/dataField/parser.go:91.47,92.85 1 5
github.com/Reshusk23/sr-vm-common-go/parsers/dataField/parser.go:93.74,94.51 1 3
github.com/Reshusk23/sr-vm-common-go/parsers/dataField/parser.go:95.99,96.51 1 4
github.com/Reshusk23/sr-vm-common-go/parsers/dataField/parser.go:97.111,98.51 1 4
github.com/Reshusk23/sr-vm-common-go/parsers/dataField/parser.go:99.58,100.20 1 7
github.com/Reshusk23/sr-vm-common-go/parsers/dataField/parser.go:100.20,102.4 1 1
github.com/Reshusk23/sr-vm-common-go/parsers/dataField/parser.go:103.3,103.65 1 6
github.com/Reshusk23/sr-vm-common-go/parsers/dataField/parser.go:106.2,107.19 2 4
github.com/Reshusk23/sr-vm-common-go/parsers/dataField/parser.go:107.19,109.3 1 1
github.com/Reshusk23/sr-vm-common-go/parsers/dataField/parser.go:111.2,111.88 1 4
github.com/Reshusk23/sr-vm-common-go/parsers/dataField/parser.go:111.88,113.3 1 1
github.com/Reshusk23/sr-vm-common-go/parsers/dataField/parser.go:115.2,115.22 1 4
github.com/Reshusk23/sr-vm-common-go/parsers/dataField/parser.go:118.139,119.20 1 6
github.com/Reshusk23/sr-vm-common-go/parsers/dataField/parser.go:119.20,123.3 1 1
github.com/Reshusk23/sr-vm-common-go/parsers/dataField/parser.go:125.2,126.9 2 5
github.com/Reshusk23/sr-vm-common-go/parsers/dataField/parser.go:126.9,130.3 1 1
github.com/Reshusk23/sr-vm-common-go/parsers/dataField/parser.go:132.2,133.19 2 4
github.com/Reshusk23/sr-vm-common-go/parsers/dataField/parser.go:133.19,137.3 1 1
github.com/Reshusk23/sr-vm-common-go/parsers/dataField/parser.go:139.2,141.117 3 3
github.com/Reshusk23/sr-vm-common-go/parsers/dataField/parser.go:141.117,144.3 2 1
github.com/Reshusk23/sr-vm-common-go/parsers/dataField/parser.go:146.2,154.3 1 3
github.com/Reshusk23/sr-vm-common-go/parsers/dataField/parser.go:157.103,160.41 2 5
github.com/Reshusk23/sr-vm-common-go/parsers/dataField/parser.go:160.41,164.3 2 1
github.com/Reshusk23/sr-vm-common-go/parsers/dataField/parser.go:166.2,166.35 1 4
github.com/Reshusk23/sr-vm-common-go/parsers/dataField/parser.go:166.35,168.3 1 1
github.com/Reshusk23/sr-vm-common-go/parsers/dataField/parser.go:171.2,175.17 4 3
github.com/Reshusk23/sr-vm-common-go/parsers/dataField/parser.go:178.83,183.20 2 4
github.com/Reshusk23/sr-vm-common-go/parsers/dataField/parser.go:183.20,185.3 1 1
github.com/Reshusk23/sr-vm-common-go/parsers/dataField/parser.go:187.2,188.27 2 3
github.com/Reshusk23/sr-vm-common-go/parsers/dataField/parser.go:188.27,190.3 1 0
github.com/Reshusk23/sr-vm-common-go/parsers/dataField/parser.go:192.2,192.16 1 3
github.com/Reshusk23/sr-vm-common-go/parsers/dataField/parser.go:192.16,194.3 1 1
github.com/Reshusk23/sr-vm-common-go/parsers/dataField/parser.go:196.2,197.21 2 3
github.com/Reshusk23/sr-vm-common-go/parsers/dataField/parser.go:200.83,205.50 2 3
github.com/Reshusk23/sr-vm-common-go/parsers/dataField/parser.go:205.50,207.3 1 1
github.com/Reshusk23/sr-vm-common-go/parsers/dataField/parser.go:209.2,210.27 2 2
github.com/Reshusk23/sr-vm-common-go/parsers/dataField/parser.go:210.27,212.3 1 0
github.com/Reshusk23/sr-vm-common-go/parsers/dataField/parser.go:214.2,217.21 3 2
github.com/Reshusk23/sr-vm-common-go/parsers/dataField/parser.go:220.83,225.50 2 4
github.com/Reshusk23/sr-vm-common-go/parsers/dataField/parser.go:225.50,227.3 1 1
github.com/Reshusk23/sr-vm-common-go/parsers/dataField/parser.go:229.2,230.27 2 3
github.com/Reshusk23/sr-vm-common-go/parsers/dataField/parser.go:230.27,232.3 1 0
github.com/Reshusk23/sr-vm-common-go/parsers/dataField/parser.go:234.2,238.50 4 3
github.com/Reshusk23/sr-vm-common-go/parsers/dataField/parser.go:238.50,241.3 2 1
github.com/Reshusk23/sr-vm-common-go/parsers/dataField/parser.go:243.2,246.21 3 3
github.com/Reshusk23/sr-vm-common-go/parsers/dataField/utils.go:18.40,55.2 1 9
github.com/Reshusk23/sr-vm-common-go/parsers/dataField/utils.go:57.77,58.55 1 4
github.com/Reshusk23/sr-vm-common-go/parsers/dataField/utils.go:58.55,59.34 1 123
github.com/Reshusk23/sr-vm-common-go/parsers/dataField/utils.go:59.34,61.4 1 1
github.com/Reshusk23/sr-vm-common-go/parsers/dataField/utils.go:64.2,64.14 1 3
github.com/Reshusk23/sr-vm-common-go/parsers/dataField/utils.go:68.81,69.23 1 2
github.com/Reshusk23/sr-vm-common-go/parsers/dataField/utils.go:69.23,71.3 1 1
github.com/Reshusk23/sr-vm-common-go/parsers/dataField/utils.go:73.2,74.27 2 1
github.com/Reshusk23/sr-vm-common-go/parsers/dataField/utils.go:74.27,76.3 1 1
github.com/Reshusk23/sr-vm-common-go/parsers/dataField/utils.go:78.2,78.21 1 1
github.com/Reshusk23/sr-vm-common-go/parsers/dataField/utils.go:81.64,82.31 1 10
github.com/Reshusk23/sr-vm-common-go/parsers/dataField/utils.go:82.31,84.3 1 0
github.com/Reshusk23/sr-vm-common-go/parsers/dataField/utils.go:86.2,88.53 3 10
github.com/Reshusk23/sr-vm-common-go/parsers/dataField/utils.go:91.56,93.24 2 4
github.com/Reshusk23/sr-vm-common-go/parsers/dataField/utils.go:93.24,95.3 1 1
github.com/Reshusk23/sr-vm-common-go/parsers/dataField/utils.go:97.2,97.50 1 3
github.com/Reshusk23/sr-vm-common-go/parsers/dataField/utils.go:97.50,99.3 1 1
github.com/Reshusk23/sr-vm-common-go/parsers/dataField/utils.go:101.2,104.43 3 2
github.com/Reshusk23/sr-vm-common-go/parsers/dataField/utils.go:107.55,111.2 2 41
github.com/Reshusk23/sr-vm-common-go/parsers/dataField/utils.go:113.39,114.34 1 23
github.com/Reshusk23/sr-vm-common-go/parsers/dataField/utils.go:114.34,115.34 1 214
github.com/Reshusk23/sr-vm-common-go/parsers/dataField/utils.go:115.34,117.4 1 3
github.com/Reshusk23/sr-vm-common-go/parsers/dataField/utils.go:120.2,120.13 1 20
github.com/Reshusk23/sr-vm-common-go/container/mutexMap.go:12.30,16.2 1 13
github.com/Reshusk23/sr-vm-common-go/container/mutexMap.go:19.62,25.2 4 107
github.com/Reshusk23/sr-vm-common-go/container/mutexMap.go:29.67,33.9 3 102
github.com/Reshusk23/sr-vm-common-go/container/mutexMap.go:33.9,35.3 1 101
github.com/Reshusk23/sr-vm-common-go/container/mutexMap.go:37.2,39.12 2 102
github.com/Reshusk23/sr-vm-common-go/container/mutexMap.go:43.59,47.2 3 215
github.com/Reshusk23/sr-vm-common-go/container/mutexMap.go:50.45,54.2 3 102
github.com/Reshusk23/sr-vm-common-go/container/mutexMap.go:57.31,62.2 3 4
github.com/Reshusk23/sr-vm-common-go/container/mutexMap.go:65.42,68.27 3 102
github.com/Reshusk23/sr-vm-common-go/container/mutexMap.go:68.27,70.3 1 303
github.com/Reshusk23/sr-vm-common-go/container/mutexMap.go:71.2,73.13 2 102
github.com/Reshusk23/sr-vm-common-go/container/mutexMap.go:77.44,80.34 3 103
github.com/Reshusk23/sr-vm-common-go/container/mutexMap.go:80.34,82.3 1 5160
github.com/Reshusk23/sr-vm-common-go/container/mutexMap.go:83.2,85.15 2 103
github.com/Reshusk23/sr-vm-common-go/builtInFunctions/baseActiveHandler.go:7.50,9.2 1 2
github.com/Reshusk23/sr-vm-common-go/builtInFunctions/baseActiveHandler.go:12.56,14.2 1 1
github.com/Reshusk23/sr-vm-common-go/builtInFunctions/baseActiveHandler.go:21.45,23.2 1 7
github.com/Reshusk23/sr-vm-common-go/builtInFunctions/baseActiveHandler.go:26.51,28.2 1 1
github.com/Reshusk23/sr-vm-common-go/builtInFunctions/changeOwnerAddress.go:19.68,21.2 1 3
github.com/Reshusk23/sr-vm-common-go/builtInFunctions/changeOwnerAddress.go:24.73,25.20 1 2
github.com/Reshusk23/sr-vm-common-go/builtInFunctions/changeOwnerAddress.go:25.20,27.3 1 0
github.com/Reshusk23/sr-vm-common-go/builtInFunctions/changeOwnerAddress.go:29.2,31.25 3 2
github.com/Reshusk23/sr-vm-common-go/builtInFunctions/changeOwnerAddress.go:38.31,42.20 3 5
github.com/Reshusk23/sr-vm-common-go/builtInFunctions/changeOwnerAddress.go:42.20,44.3 1 1
github.com/Reshusk23/sr-vm-common-go/builtInFunctions/changeOwnerAddress.go:45.2,45.33 1 4
github.com/Reshusk23/sr-vm-common-go/builtInFunctions/changeOwnerAddress.go:45.33,47.3 1 1
github.com/Reshusk23/sr-vm-common-go/builtInFunctions/changeOwnerAddress.go:48.2,48.38 1 3
github.com/Reshusk23/sr-vm-common-go/builtInFunctions/changeOwnerAddress.go:48.38,50.3 1 0
github.com/Reshusk23/sr-vm-common-go/builtInFunctions/changeOwnerAddress.go:51.2,51.58 1 3
github.com/Reshusk23/sr-vm-common-go/builtInFunctions/changeOwnerAddress.go:51.58,53.3 1 0
github.com/Reshusk23/sr-vm-common-go/builtInFunctions/changeOwnerAddress.go:54.2,54.37 1 3
github.com/Reshusk23/sr-vm-common-go/builtInFunctions/changeOwnerAddress.go:54.37,56.3 1 0
github.com/Reshusk23/sr-vm-common-go/builtInFunctions/changeOwnerAddress.go:57.2,58.26 2 3
github.com/Reshusk23/sr-vm-common-go/builtInFunctions/changeOwnerAddress.go:58.26,61.3 1 1
github.com/Reshusk23/sr-vm-common-go/builtInFunctions/changeOwnerAddress.go:63.2,63.65 1 2
github.com/Reshusk23/sr-vm-common-go/builtInFunctions/changeOwnerAddress.go:63.65,65.3 1 0
github.com/Reshusk23/sr-vm-common-go/builtInFunctions/changeOwnerAddress.go:67.2,68.16 2 2
github.com/Reshusk23/sr-vm-common-go/builtInFunctions/changeOwnerAddress.go:68.16,70.3 1 0
github.com/Reshusk23/sr-vm-common-go/builtInFunctions/changeOwnerAddress.go:72.2,72.85 1 2
github.com/Reshusk23/sr-vm-common-go/builtInFunctions/changeOwnerAddress.go:75.103,76.28 1 28
github.com/Reshusk23/sr-vm-common-go/builtInFunctions/changeOwnerAddress.go:76.28,78.3 1 1
github.com/Reshusk23/sr-vm-common-go/builtInFunctions/changeOwnerAddress.go:81.2,81.22 1 27
github.com/Reshusk23/sr-vm-common-go/builtInFunctions/changeOwnerAddress.go:81.22,83.3 1 9
github.com/Reshusk23/sr-vm-common-go/builtInFunctions/changeOwnerAddress.go:85.2,85.31 1 18
github.com/Reshusk23/sr-vm-common-go/builtInFunctions/changeOwnerAddress.go:89.52,91.2 1 2
github.com/Reshusk23/sr-vm-common-go/builtInFunctions/claimDeveloperRewards.go:20.74,22.2 1 1
github.com/Reshusk23/sr-vm-common-go/builtInFunctions/claimDeveloperRewards.go:25.76,26.20 1 1
github.com/Reshusk23/sr-vm-common-go/builtInFunctions/claimDeveloperRewards.go:26.20,28.3 1 0
github.com/Reshusk23/sr-vm-common-go/builtInFunctions/claimDeveloperRewards.go:30.2,32.25 3 1
github.com/Reshusk23/sr-vm-common-go/builtInFunctions/claimDeveloperRewards.go:39.31,43.20 3 5
github.com/Reshusk23/sr-vm-common-go/builtInFunctions/claimDeveloperRewards.go:43.20,45.3 1 1
github.com/Reshusk23/sr-vm-common-go/builtInFunctions/claimDeveloperRewards.go:46.2,46.38 1 4
github.com/Reshusk23/sr-vm-common-go/builtInFunctions/claimDeveloperRewards.go:46.38,48.3 1 0
github.com/Reshusk23/sr-vm-common-go/builtInFunctions/claimDeveloperRewards.go:49.2,50.26 2 4
github.com/Reshusk23/sr-vm-common-go/builtInFunctions/claimDeveloperRewards.go:50.26,53.3 1 1
github.com/Reshusk23/sr-vm-common-go/builtInFunctions/claimDeveloperRewards.go:55.2,55.65 1 3
github.com/Reshusk23/sr-vm-common-go/builtInFunctions/claimDeveloperRewards.go:55.65,57.3 1 1
github.com/Reshusk23/sr-vm-common-go/builtInFunctions/claimDeveloperRewards.go:58.2,58.37 1 2
github.com/Reshusk23/sr-vm-common-go/builtInFunctions/claimDeveloperRewards.go:58.37,60.3 1 0
github.com/Reshusk23/sr-vm-common-go/builtInFunctions/claimDeveloperRewards.go:62.2,63.16 2 2
github.com/Reshusk23/sr-vm-common-go/builtInFunctions/claimDeveloperRewards.go:63.16,65.3 1 0
github.com/Reshusk23/sr-vm-common-go/builtInFunctions/claimDeveloperRewards.go:67.2,75.45 3 2
github.com/Reshusk23/sr-vm-common-go/builtInFunctions/claimDeveloperRewards.go:75.45,80.3 4 0
github.com/Reshusk23/sr-vm-common-go/builtInFunctions/claimDeveloperRewards.go:81.2,90.26 4 2
github.com/Reshusk23/sr-vm-common-go/builtInFunctions/claimDeveloperRewards.go:90.26,92.3 1 1
github.com/Reshusk23/sr-vm-common-go/builtInFunctions/claimDeveloperRewards.go:94.2,95.16 2 1
github.com/Reshusk23/sr-vm-common-go/builtInFunctions/claimDeveloperRewards.go:95.16,97.3 1 0
github.com/Reshusk23/sr-vm-common-go/builtInFunctions/claimDeveloperRewards.go:99.2,99.57 1 1
github.com/Reshusk23/sr-vm-common-go/builtInFunctions/claimDeveloperRewards.go:99.57,101.3 1 0
github.com/Reshusk23/sr-vm-common-go/builtInFunctions/claimDeveloperRewards.go:103.2,103.22 1 1
github.com/Reshusk23/sr-vm-common-go/builtInFunctions/claimDeveloperRewards.go:107.55,109.2 1 1
github.com/Reshusk23/sr-vm-common-go/builtInFunctions/container.go:19.55,23.2 1 14
github.com/Reshusk23/sr-vm-common-go/builtInFunctions/container.go:27.79,29.9 2 39
github.com/Reshusk23/sr-vm-common-go/builtInFunctions/container.go:29.9,31.3 1 2
github.com/Reshusk23/sr-vm-common-go/builtInFunctions/container.go:33.2,34.9 2 37
github.com/Reshusk23/sr-vm-common-go/builtInFunctions/container.go:34.9,36.3 1 0
github.com/Reshusk23/sr-vm-common-go/builtInFunctions/container.go:38.2,38.22 1 37
github.com/Reshusk23/sr-vm-common-go/builtInFunctions/container.go:43.86,44.27 1 42
github.com/Reshusk23/sr-vm-common-go/builtInFunctions/container.go:44.27,46.3 1 1
github.com/Reshusk23/sr-vm-common-go/builtInFunctions/container.go:47.2,47.19 1 41
github.com/Reshusk23/sr-vm-common-go/builtInFunctions/container.go:47.19,49.3 1 0
github.com/Reshusk23/sr-vm-common-go/builtInFunctions/container.go:51.2,52.9 2 41
github.com/Reshusk23/sr-vm-common-go/builtInFunctions/container.go:52.9,54.3 1 1
github.com/Reshusk23/sr-vm-common-go/builtInFunctions/container.go:56.2,56.12 1 40
github.com/Reshusk23/sr-vm-common-go/builtInFunctions/container.go:60.90,61.27 1 2
github.com/Reshusk23/sr-vm-common-go/builtInFunctions/container.go:61.27,63.3 1 1
github.com/Reshusk23/sr-vm-common-go/builtInFunctions/container.go:64.2,64.19 1 1
github.com/Reshusk23/sr-vm-common-go/builtInFunctions/container.go:64.19,66.3 1 0
github.com/Reshusk23/sr-vm-common-go/builtInFunctions/container.go:68.2,69.12 2 1
github.com/Reshusk23/sr-vm-common-go/builtInFunctions/container.go:73.48,75.2 1 2
github.com/Reshusk23/sr-vm-common-go/builtInFunctions/container.go:78.39,80.2 1 7
github.com/Reshusk23/sr-vm-common-go/builtInFunctions/container.go:83.56,86.39 2 2
github.com/Reshusk23/sr-vm-common-go/builtInFunctions/container.go:86.39,88.10 2 31
github.com/Reshusk23/sr-vm-common-go/builtInFunctions/container.go:88.10,89.12 1 0
github.com/Reshusk23/sr-vm-common-go/builtInFunctions/container.go:92.3,92.31 1 31
github.com/Reshusk23/sr-vm-common-go/builtInFunctions/container.go:95.2,95.13 1 2
github.com/Reshusk23/sr-vm-common-go/builtInFunctions/container.go:99.51,101.2 1 1
github.com/Reshusk23/sr-vm-common-go/builtInFunctions/creator.go:12.31,12.46 1 7
github.com/Reshusk23/sr-vm-common-go/builtInFunctions/creator.go:13.32,13.48 1 1
github.com/Reshusk23/sr-vm-common-go/builtInFunctions/creator.go:44.103,45.35 1 8
github.com/Reshusk23/sr-vm-common-go/builtInFunctions/creator.go:45.35,47.3 1 1
github.com/Reshusk23/sr-vm-common-go/builtInFunctions/creator.go:48.2,48.32 1 7
github.com/Reshusk23/sr-vm-common-go/builtInFunctions/creator.go:48.32,50.3 1 1
github.com/Reshusk23/sr-vm-common-go/builtInFunctions/creator.go:51.2,51.33 1 6
github.com/Reshusk23/sr-vm-common-go/builtInFunctions/creator.go:51.33,53.3 1 0
github.com/Reshusk23/sr-vm-common-go/builtInFunctions/creator.go:54.2,54.40 1 6
github.com/Reshusk23/sr-vm-common-go/builtInFunctions/creator.go:54.40,56.3 1 1
github.com/Reshusk23/sr-vm-common-go/builtInFunctions/creator.go:57.2,57.43 1 5
github.com/Reshusk23/sr-vm-common-go/builtInFunctions/creator.go:57.43,59.3 1 1
github.com/Reshusk23/sr-vm-common-go/builtInFunctions/creator.go:61.2,74.16 4 4
github.com/Reshusk23/sr-vm-common-go/builtInFunctions/creator.go:74.16,76.3 1 1
github.com/Reshusk23/sr-vm-common-go/builtInFunctions/creator.go:77.2,79.15 2 3
github.com/Reshusk23/sr-vm-common-go/builtInFunctions/creator.go:83.90,85.16 2 3
github.com/Reshusk23/sr-vm-common-go/builtInFunctions/creator.go:85.16,87.3 1 1
github.com/Reshusk23/sr-vm-common-go/builtInFunctions/creator.go:89.2,90.45 2 2
github.com/Reshusk23/sr-vm-common-go/builtInFunctions/creator.go:90.45,92.20 2 31
github.com/Reshusk23/sr-vm-common-go/builtInFunctions/creator.go:92.20,94.4 1 0
github.com/Reshusk23/sr-vm-common-go/builtInFunctions/creator.go:96.3,96.43 1 31
github.com/Reshusk23/sr-vm-common-go/builtInFunctions/creator.go:101.86,103.2 1 1
github.com/Reshusk23/sr-vm-common-go/builtInFunctions/creator.go:106.91,108.2 1 0
github.com/Reshusk23/sr-vm-common-go/builtInFunctions/creator.go:111.91,113.2 1 1
github.com/Reshusk23/sr-vm-common-go/builtInFunctions/creator.go:116.69,122.16 5 1
github.com/Reshusk23/sr-vm-common-go/builtInFunctions/creator.go:122.16,124.3 1 0
github.com/Reshusk23/sr-vm-common-go/builtInFunctions/creator.go:126.2,128.16 3 1
github.com/Reshusk23/sr-vm-common-go/builtInFunctions/creator.go:128.16,130.3 1 0
github.com/Reshusk23/sr-vm-common-go/builtInFunctions/creator.go:132.2,133.16 2 1
github.com/Reshusk23/sr-vm-common-go/builtInFunctions/creator.go:133.16,135.3 1 0
github.com/Reshusk23/sr-vm-common-go/builtInFunctions/creator.go:136.2,137.16 2 1
github.com/Reshusk23/sr-vm-common-go/builtInFunctions/creator.go:137.16,139.3 1 0
github.com/Reshusk23/sr-vm-common-go/builtInFunctions/creator.go:141.2,142.16 2 1
github.com/Reshusk23/sr-vm-common-go/builtInFunctions/creator.go:142.16,144.3 1 0
github.com/Reshusk23/sr-vm-common-go/builtInFunctions/creator.go:145.2,146.16 2 1
github.com/Reshusk23/sr-vm-common-go/builtInFunctions/creator.go:146.16,148.3 1 0
github.com/Reshusk23/sr-vm-common-go/builtInFunctions/creator.go:150.2,151.16 2 1
github.com/Reshusk23/sr-vm-common-go/builtInFunctions/creator.go:151.16,153.3 1 0
github.com/Reshusk23/sr-vm-common-go/builtInFunctions/creator.go:154.2,155.16 2 1
github.com/Reshusk23/sr-vm-common-go/builtInFunctions/creator.go:155.16,157.3 1 0
github.com/Reshusk23/sr-vm-common-go/builtInFunctions/creator.go:158.2,161.16 3 1
github.com/Reshusk23/sr-vm-common-go/builtInFunctions/creator.go:161.16,163.3 1 0
github.com/Reshusk23/sr-vm-common-go/builtInFunctions/creator.go:164.2,165.16 2 1
github.com/Reshusk23/sr-vm-common-go/builtInFunctions/creator.go:165.16,167.3 1 0
github.com/Reshusk23/sr-vm-common-go/builtInFunctions/creator.go:169.2,176.16 2 1
github.com/Reshusk23/sr-vm-common-go/builtInFunctions/creator.go:176.16,178.3 1 0
github.com/Reshusk23/sr-vm-common-go/builtInFunctions/creator.go:179.2,180.16 2 1
github.com/Reshusk23/sr-vm-common-go/builtInFunctions/creator.go:180.16,182.3 1 0
github.com/Reshusk23/sr-vm-common-go/builtInFunctions/creator.go:184.2,185.16 2 1
github.com/Reshusk23/sr-vm-common-go/builtInFunctions/creator.go:185.16,187.3 1 0
github.com/Reshusk23/sr-vm-common-go/builtInFunctions/creator.go:188.2,189.16 2 1
github.com/Reshusk23/sr-vm-common-go/builtInFunctions/creator.go:189.16,191.3 1 0
github.com/Reshusk23/sr-vm-common-go/builtInFunctions/creator.go:193.2,194.16 2 1
github.com/Reshusk23/sr-vm-common-go/builtInFunctions/creator.go:194.16,196.3 1 0
github.com/Reshusk23/sr-vm-common-go/builtInFunctions/creator.go:197.2,198.16 2 1
github.com/Reshusk23/sr-vm-common-go/builtInFunctions/creator.go:198.16,200.3 1 0
github.com/Reshusk23/sr-vm-common-go/builtInFunctions/creator.go:202.2,203.16 2 1
github.com/Reshusk23/sr-vm-common-go/builtInFunctions/creator.go:203.16,205.3 1 0
github.com/Reshusk23/sr-vm-common-go/builtInFunctions/creator.go:206.2,207.16 2 1
github.com/Reshusk23/sr-vm-common-go/builtInFunctions/creator.go:207.16,209.3 1 0
github.com/Reshusk23/sr-vm-common-go/builtInFunctions/creator.go:211.2,212.16 2 1
github.com/Reshusk23/sr-vm-common-go/builtInFunctions/creator.go:212.16,214.3 1 0
github.com/Reshusk23/sr-vm-common-go/builtInFunctions/creator.go:215.2,216.16 2 1
github.com/Reshusk23/sr-vm-common-go/builtInFunctions/creator.go:216.16,218.3 1 0
github.com/Reshusk23/sr-vm-common-go/builtInFunctions/creator.go:220.2,221.16 2 1
github.com/Reshusk23/sr-vm-common-go/builtInFunctions/creator.go:221.16,223.3 1 0
github.com/Reshusk23/sr-vm-common-go/builtInFunctions/creator.go:224.2,225.16 2 1
github.com/Reshusk23/sr-vm-common-go/builtInFunctions/creator.go:225.16,227.3 1 0
github.com/Reshusk23/sr-vm-common-go/builtInFunctions/creator.go:229.2,237.16 3 1
github.com/Reshusk23/sr-vm-common-go/builtInFunctions/creator.go:237.16,239.3 1 0
github.com/Reshusk23/sr-vm-common-go/builtInFunctions/creator.go:241.2,242.16 2 1
github.com/Reshusk23/sr-vm-common-go/builtInFunctions/creator.go:242.16,244.3 1 0
github.com/Reshusk23/sr-vm-common-go/builtInFunctions/creator.go:245.2,246.16 2 1
github.com/Reshusk23/sr-vm-common-go/builtInFunctions/creator.go:246.16,248.3 1 0
github.com/Reshusk23/sr-vm-common-go/builtInFunctions/creator.go:250.2,251.16 2 1
github.com/Reshusk23/sr-vm-common-go/builtInFunctions/creator.go:251.16,253.3 1 0
github.com/Reshusk23/sr-vm-common-go/builtInFunctions/creator.go:254.2,255.16 2 1
github.com/Reshusk23/sr-vm-common-go/builtInFunctions/creator.go:255.16,257.3 1 0
github.com/Reshusk23/sr-vm-common-go/builtInFunctions/creator.go:259.2,260.16 2 1
github.com/Reshusk23/sr-vm-common-go/builtInFunctions/creator.go:260.16,262.3 1 0
github.com/Reshusk23/sr-vm-common-go/builtInFunctions/creator.go:263.2,264.16 2 1
github.com/Reshusk23/sr-vm-common-go/builtInFunctions/creator.go:264.16,266.3 1 0
github.com/Reshusk23/sr-vm-common-go/builtInFunctions/creator.go:268.2,269.16 2 1
github.com/Reshusk23/sr-vm-common-go/builtInFunctions/creator.go:269.16,271.3 1 0
github.com/Reshusk23/sr-vm-common-go/builtInFunctions/creator.go:272.2,273.16 2 1
github.com/Reshusk23/sr-vm-common-go/builtInFunctions/creator.go:273.16,275.3 1 0
github.com/Reshusk23/sr-vm-common-go/builtInFunctions/creator.go:277.2,278.16 2 1
github.com/Reshusk23/sr-vm-common-go/builtInFunctions/creator.go:278.16,280.3 1 0
github.com/Reshusk23/sr-vm-common-go/builtInFunctions/creator.go:281.2,282.16 2 1
github.com/Reshusk23/sr-vm-common-go/builtInFunctions/creator.go:282.16,284.3 1 0
github.com/Reshusk23/sr-vm-common-go/builtInFunctions/creator.go:286.2,287.16 2 1
github.com/Reshusk23/sr-vm-common-go/builtInFunctions/creator.go:287.16,289.3 1 0
github.com/Reshusk23/sr-vm-common-go/builtInFunctions/creator.go:290.2,291.16 2 1
github.com/Reshusk23/sr-vm-common-go/builtInFunctions/creator.go:291.16,293.3 1 0
github.com/Reshusk23/sr-vm-common-go/builtInFunctions/creator.go:295.2,304.16 2 1
github.com/Reshusk23/sr-vm-common-go/builtInFunctions/creator.go:304.16,306.3 1 0
github.com/Reshusk23/sr-vm-common-go/builtInFunctions/creator.go:307.2,308.16 2 1
github.com/Reshusk23/sr-vm-common-go/builtInFunctions/creator.go:308.16,310.3 1 0
github.com/Reshusk23/sr-vm-common-go/builtInFunctions/creator.go:312.2,313.16 2 1
github.com/Reshusk23/sr-vm-common-go/builtInFunctions/creator.go:313.16,315.3 1 0
github.com/Reshusk23/sr-vm-common-go/builtInFunctions/creator.go:316.2,317.16 2 1
github.com/Reshusk23/sr-vm-common-go/builtInFunctions/creator.go:317.16,319.3 1 0
github.com/Reshusk23/sr-vm-common-go/builtInFunctions/creator.go:321.2,322.16 2 1
github.com/Reshusk23/sr-vm-common-go/builtInFunctions/creator.go:322.16,324.3 1 0
github.com/Reshusk23/sr-vm-common-go/builtInFunctions/creator.go:325.2,326.16 2 1
github.com/Reshusk23/sr-vm-common-go/builtInFunctions/creator.go:326.16,328.3 1 0
github.com/Reshusk23/sr-vm-common-go/builtInFunctions/creator.go:330.2,331.16 2 1
github.com/Reshusk23/sr-vm-common-go/builtInFunctions/creator.go:331.16,333.3 1 0
github.com/Reshusk23/sr-vm-common-go/builtInFunctions/creator.go:334.2,335.16 2 1
github.com/Reshusk23/sr-vm-common-go/builtInFunctions/creator.go:335.16,337.3 1 0
github.com/Reshusk23/sr-vm-common-go/builtInFunctions/creator.go:339.2,348.16 2 1
github.com/Reshusk23/sr-vm-common-go/builtInFunctions/creator.go:348.16,350.3 1 0
github.com/Reshusk23/sr-vm-common-go/builtInFunctions/creator.go:351.2,352.16 2 1
github.com/Reshusk23/sr-vm-common-go/builtInFunctions/creator.go:352.16,354.3 1 0
github.com/Reshusk23/sr-vm-common-go/builtInFunctions/creator.go:356.2,357.16 2 1
github.com/Reshusk23/sr-vm-common-go/builtInFunctions/creator.go:357.16,359.3 1 0
github.com/Reshusk23/sr-vm-common-go/builtInFunctions/creator.go:360.2,361.16 2 1
github.com/Reshusk23/sr-vm-common-go/builtInFunctions/creator.go:361.16,363.3 1 0
github.com/Reshusk23/sr-vm-common-go/builtInFunctions/creator.go:365.2,366.16 2 1
github.com/Reshusk23/sr-vm-common-go/builtInFunctions/creator.go:366.16,368.3 1 0
github.com/Reshusk23/sr-vm-common-go/builtInFunctions/creator.go:369.2,370.16 2 1
github.com/Reshusk23/sr-vm-common-go/builtInFunctions/creator.go:370.16,372.3 1 0
github.com/Reshusk23/sr-vm-common-go/builtInFunctions/creator.go:374.2,383.16 3 1
github.com/Reshusk23/sr-vm-common-go/builtInFunctions/creator.go:383.16,385.3 1 0
github.com/Reshusk23/sr-vm-common-go/builtInFunctions/creator.go:386.2,387.16 2 1
github.com/Reshusk23/sr-vm-common-go/builtInFunctions/creator.go:387.16,389.3 1 0
github.com/Reshusk23/sr-vm-common-go/builtInFunctions/creator.go:391.2,393.16 3 1
github.com/Reshusk23/sr-vm-common-go/builtInFunctions/creator.go:393.16,395.3 1 0
github.com/Reshusk23/sr-vm-common-go/builtInFunctions/creator.go:396.2,397.16 2 1
github.com/Reshusk23/sr-vm-common-go/builtInFunctions/creator.go:397.16,399.3 1 0
github.com/Reshusk23/sr-vm-common-go/builtInFunctions/creator.go:401.2,402.16 2 1
github.com/Reshusk23/sr-vm-common-go/builtInFunctions/creator.go:402.16,404.3 1 0
github.com/Reshusk23/sr-vm-common-go/builtInFunctions/creator.go:405.2,406.16 2 1
github.com/Reshusk23/sr-vm-common-go/builtInFunctions/creator.go:406.16,408.3 1 0
github.com/Reshusk23/sr-vm-common-go/builtInFunctions/creator.go:410.2,411.16 2 1
github.com/Reshusk23/sr-vm-common-go/builtInFunctions/creator.go:411.16,413.3 1 0
github.com/Reshusk23/sr-vm-common-go/builtInFunctions/creator.go:414.2,415.16 2 1
github.com/Reshusk23/sr-vm-common-go/builtInFunctions/creator.go:415.16,417.3 1 0
github.com/Reshusk23/sr-vm-common-go/builtInFunctions/creator.go:419.2,420.16 2 1
github.com/Reshusk23/sr-vm-common-go/builtInFunctions/creator.go:420.16,422.3 1 0
github.com/Reshusk23/sr-vm-common-go/builtInFunctions/creator.go:423.2,424.16 2 1
github.com/Reshusk23/sr-vm-common-go/builtInFunctions/creator.go:424.16,426.3 1 0
github.com/Reshusk23/sr-vm-common-go/builtInFunctions/creator.go:428.2,429.16 2 1
github.com/Reshusk23/sr-vm-common-go/builtInFunctions/creator.go:429.16,431.3 1 0
github.com/Reshusk23/sr-vm-common-go/builtInFunctions/creator.go:432.2,433.16 2 1
github.com/Reshusk23/sr-vm-common-go/builtInFunctions/creator.go:433.16,435.3 1 0
github.com/Reshusk23/sr-vm-common-go/builtInFunctions/creator.go:437.2,437.12 1 1
github.com/Reshusk23/sr-vm-common-go/builtInFunctions/creator.go:440.86,443.16 3 7
github.com/Reshusk23/sr-vm-common-go/builtInFunctions/creator.go:443.16,445.3 1 0
github.com/Reshusk23/sr-vm-common-go/builtInFunctions/creator.go:447.2,448.16 2 7
github.com/Reshusk23/sr-vm-common-go/builtInFunctions/creator.go:448.16,450.3 1 0
github.com/Reshusk23/sr-vm-common-go/builtInFunctions/creator.go:452.2,454.16 3 7
github.com/Reshusk23/sr-vm-common-go/builtInFunctions/creator.go:454.16,456.3 1 0
github.com/Reshusk23/sr-vm-common-go/builtInFunctions/creator.go:458.2,459.16 2 7
github.com/Reshusk23/sr-vm-common-go/builtInFunctions/creator.go:459.16,461.3 1 2
github.com/Reshusk23/sr-vm-common-go/builtInFunctions/creator.go:463.2,468.22 2 5
github.com/Reshusk23/sr-vm-common-go/builtInFunctions/creator.go:472.94,477.16 2 2
github.com/Reshusk23/sr-vm-common-go/builtInFunctions/creator.go:477.16,479.3 1 1
github.com/Reshusk23/sr-vm-common-go/builtInFunctions/creator.go:481.2,486.50 2 1
github.com/Reshusk23/sr-vm-common-go/builtInFunctions/creator.go:486.50,488.17 2 3
github.com/Reshusk23/sr-vm-common-go/builtInFunctions/creator.go:488.17,490.4 1 0
github.com/Reshusk23/sr-vm-common-go/builtInFunctions/creator.go:492.3,493.10 2 3
github.com/Reshusk23/sr-vm-common-go/builtInFunctions/creator.go:493.10,495.4 1 0
github.com/Reshusk23/sr-vm-common-go/builtInFunctions/creator.go:497.3,498.17 2 3
github.com/Reshusk23/sr-vm-common-go/builtInFunctions/creator.go:498.17,500.4 1 0
github.com/Reshusk23/sr-vm-common-go/builtInFunctions/creator.go:503.2,503.12 1 1
github.com/Reshusk23/sr-vm-common-go/builtInFunctions/creator.go:507.52,509.2 1 1
github.com/Reshusk23/sr-vm-common-go/builtInFunctions/dctBurn.go:28.21,29.29 1 6
github.com/Reshusk23/sr-vm-common-go/builtInFunctions/dctBurn.go:29.29,31.3 1 1
github.com/Reshusk23/sr-vm-common-go/builtInFunctions/dctBurn.go:32.2,32.40 1 5
github.com/Reshusk23/sr-vm-common-go/builtInFunctions/dctBurn.go:32.40,34.3 1 0
github.com/Reshusk23/sr-vm-common-go/builtInFunctions/dctBurn.go:35.2,35.38 1 5
github.com/Reshusk23/sr-vm-common-go/builtInFunctions/dctBurn.go:35.38,37.3 1 1
github.com/Reshusk23/sr-vm-common-go/builtInFunctions/dctBurn.go:39.2,48.15 3 4
github.com/Reshusk23/sr-vm-common-go/builtInFunctions/dctBurn.go:52.62,53.20 1 1
github.com/Reshusk23/sr-vm-common-go/builtInFunctions/dctBurn.go:53.20,55.3 1 0
github.com/Reshusk23/sr-vm-common-go/builtInFunctions/dctBurn.go:57.2,59.25 3 1
github.com/Reshusk23/sr-vm-common-go/builtInFunctions/dctBurn.go:66.31,71.16 4 11
github.com/Reshusk23/sr-vm-common-go/builtInFunctions/dctBurn.go:71.16,73.3 1 2
github.com/Reshusk23/sr-vm-common-go/builtInFunctions/dctBurn.go:74.2,74.33 1 9
github.com/Reshusk23/sr-vm-common-go/builtInFunctions/dctBurn.go:74.33,76.3 1 0
github.com/Reshusk23/sr-vm-common-go/builtInFunctions/dctBurn.go:77.2,78.26 2 9
github.com/Reshusk23/sr-vm-common-go/builtInFunctions/dctBurn.go:78.26,80.3 1 0
github.com/Reshusk23/sr-vm-common-go/builtInFunctions/dctBurn.go:81.2,81.60 1 9
github.com/Reshusk23/sr-vm-common-go/builtInFunctions/dctBurn.go:81.60,83.3 1 1
github.com/Reshusk23/sr-vm-common-go/builtInFunctions/dctBurn.go:84.2,84.26 1 8
github.com/Reshusk23/sr-vm-common-go/builtInFunctions/dctBurn.go:84.26,86.3 1 1
github.com/Reshusk23/sr-vm-common-go/builtInFunctions/dctBurn.go:88.2,90.41 2 7
github.com/Reshusk23/sr-vm-common-go/builtInFunctions/dctBurn.go:90.41,92.3 1 1
github.com/Reshusk23/sr-vm-common-go/builtInFunctions/dctBurn.go:94.2,95.16 2 6
github.com/Reshusk23/sr-vm-common-go/builtInFunctions/dctBurn.go:95.16,97.3 1 4
github.com/Reshusk23/sr-vm-common-go/builtInFunctions/dctBurn.go:99.2,101.57 3 2
github.com/Reshusk23/sr-vm-common-go/builtInFunctions/dctBurn.go:101.57,110.3 1 0
github.com/Reshusk23/sr-vm-common-go/builtInFunctions/dctBurn.go:112.2,114.22 2 2
github.com/Reshusk23/sr-vm-common-go/builtInFunctions/dctBurn.go:118.41,120.2 1 4
github.com/Reshusk23/sr-vm-common-go/builtInFunctions/dctDataStorage.go:23.41,25.2 1 124
github.com/Reshusk23/sr-vm-common-go/builtInFunctions/dctDataStorage.go:47.77,48.32 1 138
github.com/Reshusk23/sr-vm-common-go/builtInFunctions/dctDataStorage.go:48.32,50.3 1 1
github.com/Reshusk23/sr-vm-common-go/builtInFunctions/dctDataStorage.go:51.2,51.45 1 137
github.com/Reshusk23/sr-vm-common-go/builtInFunctions/dctDataStorage.go:51.45,53.3 1 1
github.com/Reshusk23/sr-vm-common-go/builtInFunctions/dctDataStorage.go:54.2,54.35 1 136
github.com/Reshusk23/sr-vm-common-go/builtInFunctions/dctDataStorage.go:54.35,56.3 1 1
github.com/Reshusk23/sr-vm-common-go/builtInFunctions/dctDataStorage.go:57.2,57.43 1 135
github.com/Reshusk23/sr-vm-common-go/builtInFunctions/dctDataStorage.go:57.43,59.3 1 1
github.com/Reshusk23/sr-vm-common-go/builtInFunctions/dctDataStorage.go:60.2,60.40 1 134
github.com/Reshusk23/sr-vm-common-go/builtInFunctions/dctDataStorage.go:60.40,62.3 1 1
github.com/Reshusk23/sr-vm-common-go/builtInFunctions/dctDataStorage.go:64.2,74.15 2 133
github.com/Reshusk23/sr-vm-common-go/builtInFunctions/dctDataStorage.go:82.25,84.16 2 45
github.com/Reshusk23/sr-vm-common-go/builtInFunctions/dctDataStorage.go:84.16,86.3 1 1
github.com/Reshusk23/sr-vm-common-go/builtInFunctions/dctDataStorage.go:87.2,87.11 1 44
github.com/Reshusk23/sr-vm-common-go/builtInFunctions/dctDataStorage.go:87.11,89.3 1 5
github.com/Reshusk23/sr-vm-common-go/builtInFunctions/dctDataStorage.go:91.2,91.21 1 39
github.com/Reshusk23/sr-vm-common-go/builtInFunctions/dctDataStorage.go:99.31,101.2 1 72
github.com/Reshusk23/sr-vm-common-go/builtInFunctions/dctDataStorage.go:109.31,110.38 1 1
github.com/Reshusk23/sr-vm-common-go/builtInFunctions/dctDataStorage.go:110.38,112.3 1 0
github.com/Reshusk23/sr-vm-common-go/builtInFunctions/dctDataStorage.go:114.2,119.102 2 1
github.com/Reshusk23/sr-vm-common-go/builtInFunctions/dctDataStorage.go:127.31,134.43 4 73
github.com/Reshusk23/sr-vm-common-go/builtInFunctions/dctDataStorage.go:134.43,136.3 1 13
github.com/Reshusk23/sr-vm-common-go/builtInFunctions/dctDataStorage.go:138.2,139.16 2 60
github.com/Reshusk23/sr-vm-common-go/builtInFunctions/dctDataStorage.go:139.16,141.3 1 2
github.com/Reshusk23/sr-vm-common-go/builtInFunctions/dctDataStorage.go:143.2,143.77 1 58
github.com/Reshusk23/sr-vm-common-go/builtInFunctions/dctDataStorage.go:143.77,145.3 1 41
github.com/Reshusk23/sr-vm-common-go/builtInFunctions/dctDataStorage.go:147.2,148.16 2 17
github.com/Reshusk23/sr-vm-common-go/builtInFunctions/dctDataStorage.go:148.16,150.3 1 1
github.com/Reshusk23/sr-vm-common-go/builtInFunctions/dctDataStorage.go:151.2,151.24 1 16
github.com/Reshusk23/sr-vm-common-go/builtInFunctions/dctDataStorage.go:151.24,153.3 1 9
github.com/Reshusk23/sr-vm-common-go/builtInFunctions/dctDataStorage.go:155.2,155.28 1 16
github.com/Reshusk23/sr-vm-common-go/builtInFunctions/dctDataStorage.go:161.54,163.16 2 41
github.com/Reshusk23/sr-vm-common-go/builtInFunctions/dctDataStorage.go:163.16,165.3 1 0
github.com/Reshusk23/sr-vm-common-go/builtInFunctions/dctDataStorage.go:167.2,168.43 2 41
github.com/Reshusk23/sr-vm-common-go/builtInFunctions/dctDataStorage.go:168.43,170.3 1 10
github.com/Reshusk23/sr-vm-common-go/builtInFunctions/dctDataStorage.go:172.2,174.16 3 31
github.com/Reshusk23/sr-vm-common-go/builtInFunctions/dctDataStorage.go:174.16,176.3 1 1
github.com/Reshusk23/sr-vm-common-go/builtInFunctions/dctDataStorage.go:178.2,178.32 1 30
github.com/Reshusk23/sr-vm-common-go/builtInFunctions/dctDataStorage.go:184.26,186.16 2 21
github.com/Reshusk23/sr-vm-common-go/builtInFunctions/dctDataStorage.go:186.16,188.3 1 1
github.com/Reshusk23/sr-vm-common-go/builtInFunctions/dctDataStorage.go:189.2,189.20 1 20
github.com/Reshusk23/sr-vm-common-go/builtInFunctions/dctDataStorage.go:189.20,191.3 1 7
github.com/Reshusk23/sr-vm-common-go/builtInFunctions/dctDataStorage.go:193.2,193.35 1 13
github.com/Reshusk23/sr-vm-common-go/builtInFunctions/dctDataStorage.go:202.9,203.65 1 61
github.com/Reshusk23/sr-vm-common-go/builtInFunctions/dctDataStorage.go:203.65,205.3 1 36
github.com/Reshusk23/sr-vm-common-go/builtInFunctions/dctDataStorage.go:206.2,206.37 1 25
github.com/Reshusk23/sr-vm-common-go/builtInFunctions/dctDataStorage.go:206.37,208.3 1 8
github.com/Reshusk23/sr-vm-common-go/builtInFunctions/dctDataStorage.go:210.2,215.43 3 17
github.com/Reshusk23/sr-vm-common-go/builtInFunctions/dctDataStorage.go:215.43,217.3 1 15
github.com/Reshusk23/sr-vm-common-go/builtInFunctions/dctDataStorage.go:219.2,220.16 2 2
github.com/Reshusk23/sr-vm-common-go/builtInFunctions/dctDataStorage.go:220.16,222.3 1 0
github.com/Reshusk23/sr-vm-common-go/builtInFunctions/dctDataStorage.go:224.2,225.28 2 2
github.com/Reshusk23/sr-vm-common-go/builtInFunctions/dctDataStorage.go:225.28,227.3 1 2
github.com/Reshusk23/sr-vm-common-go/builtInFunctions/dctDataStorage.go:229.2,229.12 1 0
github.com/Reshusk23/sr-vm-common-go/builtInFunctions/dctDataStorage.go:238.9,240.16 2 59
github.com/Reshusk23/sr-vm-common-go/builtInFunctions/dctDataStorage.go:240.16,242.3 1 4
github.com/Reshusk23/sr-vm-common-go/builtInFunctions/dctDataStorage.go:244.2,246.16 3 55
github.com/Reshusk23/sr-vm-common-go/builtInFunctions/dctDataStorage.go:246.16,248.3 1 0
github.com/Reshusk23/sr-vm-common-go/builtInFunctions/dctDataStorage.go:250.2,251.16 2 55
github.com/Reshusk23/sr-vm-common-go/builtInFunctions/dctDataStorage.go:251.16,253.3 1 1
github.com/Reshusk23/sr-vm-common-go/builtInFunctions/dctDataStorage.go:255.2,255.12 1 54
github.com/Reshusk23/sr-vm-common-go/builtInFunctions/dctDataStorage.go:263.9,266.81 3 24
github.com/Reshusk23/sr-vm-common-go/builtInFunctions/dctDataStorage.go:266.81,268.3 1 12
github.com/Reshusk23/sr-vm-common-go/builtInFunctions/dctDataStorage.go:270.2,272.16 3 12
github.com/Reshusk23/sr-vm-common-go/builtInFunctions/dctDataStorage.go:272.16,274.3 1 0
github.com/Reshusk23/sr-vm-common-go/builtInFunctions/dctDataStorage.go:276.2,276.20 1 12
github.com/Reshusk23/sr-vm-common-go/builtInFunctions/dctDataStorage.go:276.20,278.3 1 1
github.com/Reshusk23/sr-vm-common-go/builtInFunctions/dctDataStorage.go:281.2,281.32 1 11
github.com/Reshusk23/sr-vm-common-go/builtInFunctions/dctDataStorage.go:281.32,283.3 1 2
github.com/Reshusk23/sr-vm-common-go/builtInFunctions/dctDataStorage.go:285.2,285.59 1 9
github.com/Reshusk23/sr-vm-common-go/builtInFunctions/dctDataStorage.go:285.59,287.66 1 0
github.com/Reshusk23/sr-vm-common-go/builtInFunctions/dctDataStorage.go:287.66,290.4 2 0
github.com/Reshusk23/sr-vm-common-go/builtInFunctions/dctDataStorage.go:293.2,294.33 2 9
github.com/Reshusk23/sr-vm-common-go/builtInFunctions/dctDataStorage.go:294.33,296.3 1 1
github.com/Reshusk23/sr-vm-common-go/builtInFunctions/dctDataStorage.go:298.2,298.34 1 8
github.com/Reshusk23/sr-vm-common-go/builtInFunctions/dctDataStorage.go:298.34,300.17 2 1
github.com/Reshusk23/sr-vm-common-go/builtInFunctions/dctDataStorage.go:300.17,302.4 1 0
github.com/Reshusk23/sr-vm-common-go/builtInFunctions/dctDataStorage.go:304.3,304.43 1 1
github.com/Reshusk23/sr-vm-common-go/builtInFunctions/dctDataStorage.go:307.2,308.16 2 7
github.com/Reshusk23/sr-vm-common-go/builtInFunctions/dctDataStorage.go:308.16,310.3 1 0
github.com/Reshusk23/sr-vm-common-go/builtInFunctions/dctDataStorage.go:312.2,312.12 1 7
github.com/Reshusk23/sr-vm-common-go/builtInFunctions/dctDataStorage.go:324.19,326.16 2 59
github.com/Reshusk23/sr-vm-common-go/builtInFunctions/dctDataStorage.go:326.16,328.3 1 5
github.com/Reshusk23/sr-vm-common-go/builtInFunctions/dctDataStorage.go:330.2,332.62 3 54
github.com/Reshusk23/sr-vm-common-go/builtInFunctions/dctDataStorage.go:332.62,334.17 2 15
github.com/Reshusk23/sr-vm-common-go/builtInFunctions/dctDataStorage.go:334.17,336.4 1 0
github.com/Reshusk23/sr-vm-common-go/builtInFunctions/dctDataStorage.go:339.2,339.34 1 54
github.com/Reshusk23/sr-vm-common-go/builtInFunctions/dctDataStorage.go:339.34,341.3 1 2
github.com/Reshusk23/sr-vm-common-go/builtInFunctions/dctDataStorage.go:343.2,343.63 1 52
github.com/Reshusk23/sr-vm-common-go/builtInFunctions/dctDataStorage.go:343.63,345.24 2 38
github.com/Reshusk23/sr-vm-common-go/builtInFunctions/dctDataStorage.go:345.24,347.4 1 0
github.com/Reshusk23/sr-vm-common-go/builtInFunctions/dctDataStorage.go:349.3,349.94 1 38
github.com/Reshusk23/sr-vm-common-go/builtInFunctions/dctDataStorage.go:352.2,358.16 3 14
github.com/Reshusk23/sr-vm-common-go/builtInFunctions/dctDataStorage.go:358.16,360.3 1 0
github.com/Reshusk23/sr-vm-common-go/builtInFunctions/dctDataStorage.go:362.2,362.93 1 14
github.com/Reshusk23/sr-vm-common-go/builtInFunctions/dctDataStorage.go:372.9,373.16 1 21
github.com/Reshusk23/sr-vm-common-go/builtInFunctions/dctDataStorage.go:373.16,375.3 1 1
github.com/Reshusk23/sr-vm-common-go/builtInFunctions/dctDataStorage.go:376.2,376.34 1 20
github.com/Reshusk23/sr-vm-common-go/builtInFunctions/dctDataStorage.go:376.34,378.3 1 1
github.com/Reshusk23/sr-vm-common-go/builtInFunctions/dctDataStorage.go:380.2,381.16 2 19
github.com/Reshusk23/sr-vm-common-go/builtInFunctions/dctDataStorage.go:381.16,383.3 1 0
github.com/Reshusk23/sr-vm-common-go/builtInFunctions/dctDataStorage.go:385.2,387.16 3 19
github.com/Reshusk23/sr-vm-common-go/builtInFunctions/dctDataStorage.go:387.16,389.3 1 0
github.com/Reshusk23/sr-vm-common-go/builtInFunctions/dctDataStorage.go:391.2,391.54 1 19
github.com/Reshusk23/sr-vm-common-go/builtInFunctions/dctDataStorage.go:391.54,393.3 1 7
github.com/Reshusk23/sr-vm-common-go/builtInFunctions/dctDataStorage.go:395.2,402.58 3 12
github.com/Reshusk23/sr-vm-common-go/builtInFunctions/dctDataStorage.go:402.58,407.17 4 9
github.com/Reshusk23/sr-vm-common-go/builtInFunctions/dctDataStorage.go:407.17,409.4 1 0
github.com/Reshusk23/sr-vm-common-go/builtInFunctions/dctDataStorage.go:412.2,412.30 1 12
github.com/Reshusk23/sr-vm-common-go/builtInFunctions/dctDataStorage.go:412.30,414.38 2 3
github.com/Reshusk23/sr-vm-common-go/builtInFunctions/dctDataStorage.go:414.38,416.4 1 3
github.com/Reshusk23/sr-vm-common-go/builtInFunctions/dctDataStorage.go:417.3,417.45 1 3
github.com/Reshusk23/sr-vm-common-go/builtInFunctions/dctDataStorage.go:417.45,419.4 1 3
github.com/Reshusk23/sr-vm-common-go/builtInFunctions/dctDataStorage.go:422.2,422.76 1 12
github.com/Reshusk23/sr-vm-common-go/builtInFunctions/dctDataStorage.go:430.9,431.63 1 19
github.com/Reshusk23/sr-vm-common-go/builtInFunctions/dctDataStorage.go:431.63,433.3 1 16
github.com/Reshusk23/sr-vm-common-go/builtInFunctions/dctDataStorage.go:434.2,434.54 1 3
github.com/Reshusk23/sr-vm-common-go/builtInFunctions/dctDataStorage.go:434.54,437.3 1 1
github.com/Reshusk23/sr-vm-common-go/builtInFunctions/dctDataStorage.go:438.2,438.31 1 2
github.com/Reshusk23/sr-vm-common-go/builtInFunctions/dctDataStorage.go:438.31,441.3 1 0
github.com/Reshusk23/sr-vm-common-go/builtInFunctions/dctDataStorage.go:443.2,445.16 3 2
github.com/Reshusk23/sr-vm-common-go/builtInFunctions/dctDataStorage.go:445.16,447.3 1 0
github.com/Reshusk23/sr-vm-common-go/builtInFunctions/dctDataStorage.go:448.2,448.42 1 2
github.com/Reshusk23/sr-vm-common-go/builtInFunctions/dctDataStorage.go:448.42,450.3 1 1
github.com/Reshusk23/sr-vm-common-go/builtInFunctions/dctDataStorage.go:452.2,453.76 2 1
github.com/Reshusk23/sr-vm-common-go/builtInFunctions/dctDataStorage.go:460.9,461.60 1 9
github.com/Reshusk23/sr-vm-common-go/builtInFunctions/dctDataStorage.go:461.60,463.3 1 8
github.com/Reshusk23/sr-vm-common-go/builtInFunctions/dctDataStorage.go:465.2,465.26 1 1
github.com/Reshusk23/sr-vm-common-go/builtInFunctions/dctDataStorage.go:465.26,467.3 1 0
github.com/Reshusk23/sr-vm-common-go/builtInFunctions/dctDataStorage.go:468.2,470.23 3 1
github.com/Reshusk23/sr-vm-common-go/builtInFunctions/dctDataStorage.go:470.23,472.3 1 0
github.com/Reshusk23/sr-vm-common-go/builtInFunctions/dctDataStorage.go:474.2,476.16 3 1
github.com/Reshusk23/sr-vm-common-go/builtInFunctions/dctDataStorage.go:476.16,478.3 1 0
github.com/Reshusk23/sr-vm-common-go/builtInFunctions/dctDataStorage.go:482.2,482.43 1 1
github.com/Reshusk23/sr-vm-common-go/builtInFunctions/dctDataStorage.go:482.43,484.3 1 1
github.com/Reshusk23/sr-vm-common-go/builtInFunctions/dctDataStorage.go:486.2,486.12 1 1
github.com/Reshusk23/sr-vm-common-go/builtInFunctions/dctDataStorage.go:493.9,495.16 2 21
github.com/Reshusk23/sr-vm-common-go/builtInFunctions/dctDataStorage.go:495.16,497.3 1 0
github.com/Reshusk23/sr-vm-common-go/builtInFunctions/dctDataStorage.go:499.2,500.16 2 21
github.com/Reshusk23/sr-vm-common-go/builtInFunctions/dctDataStorage.go:500.16,502.3 1 0
github.com/Reshusk23/sr-vm-common-go/builtInFunctions/dctDataStorage.go:504.2,504.42 1 21
github.com/Reshusk23/sr-vm-common-go/builtInFunctions/dctDataStorage.go:507.102,508.83 1 69
github.com/Reshusk23/sr-vm-common-go/builtInFunctions/dctDataStorage.go:508.83,510.3 1 1
github.com/Reshusk23/sr-vm-common-go/builtInFunctions/dctDataStorage.go:512.2,512.30 1 68
github.com/Reshusk23/sr-vm-common-go/builtInFunctions/dctDataStorage.go:515.83,517.16 2 68
github.com/Reshusk23/sr-vm-common-go/builtInFunctions/dctDataStorage.go:517.16,519.3 1 0
github.com/Reshusk23/sr-vm-common-go/builtInFunctions/dctDataStorage.go:521.2,522.9 2 68
github.com/Reshusk23/sr-vm-common-go/builtInFunctions/dctDataStorage.go:522.9,524.3 1 0
github.com/Reshusk23/sr-vm-common-go/builtInFunctions/dctDataStorage.go:526.2,526.21 1 68
github.com/Reshusk23/sr-vm-common-go/builtInFunctions/dctDataStorage.go:537.17,538.63 1 22
github.com/Reshusk23/sr-vm-common-go/builtInFunctions/dctDataStorage.go:538.63,540.3 1 13
github.com/Reshusk23/sr-vm-common-go/builtInFunctions/dctDataStorage.go:542.2,542.16 1 9
github.com/Reshusk23/sr-vm-common-go/builtInFunctions/dctDataStorage.go:542.16,544.3 1 1
github.com/Reshusk23/sr-vm-common-go/builtInFunctions/dctDataStorage.go:545.2,546.47 2 8
github.com/Reshusk23/sr-vm-common-go/builtInFunctions/dctDataStorage.go:546.47,548.3 1 2
github.com/Reshusk23/sr-vm-common-go/builtInFunctions/dctDataStorage.go:550.2,550.53 1 6
github.com/Reshusk23/sr-vm-common-go/builtInFunctions/dctDataStorage.go:550.53,552.3 1 3
github.com/Reshusk23/sr-vm-common-go/builtInFunctions/dctDataStorage.go:554.2,554.41 1 3
github.com/Reshusk23/sr-vm-common-go/builtInFunctions/dctDataStorage.go:554.41,556.3 1 1
github.com/Reshusk23/sr-vm-common-go/builtInFunctions/dctDataStorage.go:557.2,561.16 4 2
github.com/Reshusk23/sr-vm-common-go/builtInFunctions/dctDataStorage.go:561.16,563.3 1 0
github.com/Reshusk23/sr-vm-common-go/builtInFunctions/dctDataStorage.go:564.2,564.20 1 2
github.com/Reshusk23/sr-vm-common-go/builtInFunctions/dctDataStorage.go:564.20,566.3 1 0
github.com/Reshusk23/sr-vm-common-go/builtInFunctions/dctDataStorage.go:568.2,568.75 1 2
github.com/Reshusk23/sr-vm-common-go/builtInFunctions/dctDataStorage.go:568.75,570.42 2 2
github.com/Reshusk23/sr-vm-common-go/builtInFunctions/dctDataStorage.go:570.42,572.4 1 5
github.com/Reshusk23/sr-vm-common-go/builtInFunctions/dctDataStorage.go:573.3,573.32 1 2
github.com/Reshusk23/sr-vm-common-go/builtInFunctions/dctDataStorage.go:576.2,576.40 1 2
github.com/Reshusk23/sr-vm-common-go/builtInFunctions/dctDataStorage.go:576.40,578.3 1 1
github.com/Reshusk23/sr-vm-common-go/builtInFunctions/dctDataStorage.go:580.2,581.72 2 1
github.com/Reshusk23/sr-vm-common-go/builtInFunctions/dctDataStorage.go:587.9,588.63 1 13
github.com/Reshusk23/sr-vm-common-go/builtInFunctions/dctDataStorage.go:588.63,590.3 1 1
github.com/Reshusk23/sr-vm-common-go/builtInFunctions/dctDataStorage.go:591.2,591.53 1 12
github.com/Reshusk23/sr-vm-common-go/builtInFunctions/dctDataStorage.go:591.53,593.3 1 1
github.com/Reshusk23/sr-vm-common-go/builtInFunctions/dctDataStorage.go:594.2,594.21 1 11
github.com/Reshusk23/sr-vm-common-go/builtInFunctions/dctDataStorage.go:594.21,596.3 1 1
github.com/Reshusk23/sr-vm-common-go/builtInFunctions/dctDataStorage.go:598.2,601.27 4 10
github.com/Reshusk23/sr-vm-common-go/builtInFunctions/dctDataStorage.go:601.27,603.3 1 1
github.com/Reshusk23/sr-vm-common-go/builtInFunctions/dctDataStorage.go:605.2,606.16 2 9
github.com/Reshusk23/sr-vm-common-go/builtInFunctions/dctDataStorage.go:606.16,608.3 1 1
github.com/Reshusk23/sr-vm-common-go/builtInFunctions/dctDataStorage.go:609.2,609.24 1 8
github.com/Reshusk23/sr-vm-common-go/builtInFunctions/dctDataStorage.go:609.24,611.3 1 1
github.com/Reshusk23/sr-vm-common-go/builtInFunctions/dctDataStorage.go:613.2,613.18 1 7
github.com/Reshusk23/sr-vm-common-go/builtInFunctions/dctDataStorage.go:614.42,615.76 1 3
github.com/Reshusk23/sr-vm-common-go/builtInFunctions/dctDataStorage.go:616.47,617.78 1 3
github.com/Reshusk23/sr-vm-common-go/builtInFunctions/dctDataStorage.go:618.10,619.13 1 1
github.com/Reshusk23/sr-vm-common-go/builtInFunctions/dctDataStorage.go:626.9,627.47 1 3
github.com/Reshusk23/sr-vm-common-go/builtInFunctions/dctDataStorage.go:627.47,630.17 3 2
github.com/Reshusk23/sr-vm-common-go/builtInFunctions/dctDataStorage.go:630.17,632.4 1 1
github.com/Reshusk23/sr-vm-common-go/builtInFunctions/dctDataStorage.go:633.3,637.105 4 1
github.com/Reshusk23/sr-vm-common-go/builtInFunctions/dctDataStorage.go:639.2,639.12 1 1
github.com/Reshusk23/sr-vm-common-go/builtInFunctions/dctDataStorage.go:645.9,647.25 2 3
github.com/Reshusk23/sr-vm-common-go/builtInFunctions/dctDataStorage.go:647.25,649.3 1 1
github.com/Reshusk23/sr-vm-common-go/builtInFunctions/dctDataStorage.go:650.2,651.48 2 2
github.com/Reshusk23/sr-vm-common-go/builtInFunctions/dctDataStorage.go:651.48,653.3 1 1
github.com/Reshusk23/sr-vm-common-go/builtInFunctions/dctDataStorage.go:655.2,656.46 2 1
github.com/Reshusk23/sr-vm-common-go/builtInFunctions/dctDataStorage.go:656.46,661.95 4 2
github.com/Reshusk23/sr-vm-common-go/builtInFunctions/dctDataStorage.go:661.95,665.18 4 1
github.com/Reshusk23/sr-vm-common-go/builtInFunctions/dctDataStorage.go:665.18,667.5 1 0
github.com/Reshusk23/sr-vm-common-go/builtInFunctions/dctDataStorage.go:669.4,672.18 4 1
github.com/Reshusk23/sr-vm-common-go/builtInFunctions/dctDataStorage.go:672.18,674.5 1 0
github.com/Reshusk23/sr-vm-common-go/builtInFunctions/dctDataStorage.go:678.2,678.12 1 1
github.com/Reshusk23/sr-vm-common-go/builtInFunctions/dctDataStorage.go:682.48,684.2 1 113
github.com/Reshusk23/sr-vm-common-go/builtInFunctions/dctDeleteMetadata.go:39.31,40.35 1 9
github.com/Reshusk23/sr-vm-common-go/builtInFunctions/dctDeleteMetadata.go:40.35,42.3 1 1
github.com/Reshusk23/sr-vm-common-go/builtInFunctions/dctDeleteMetadata.go:43.2,43.32 1 8
github.com/Reshusk23/sr-vm-common-go/builtInFunctions/dctDeleteMetadata.go:43.32,45.3 1 1
github.com/Reshusk23/sr-vm-common-go/builtInFunctions/dctDeleteMetadata.go:46.2,46.43 1 7
github.com/Reshusk23/sr-vm-common-go/builtInFunctions/dctDeleteMetadata.go:46.43,48.3 1 1
github.com/Reshusk23/sr-vm-common-go/builtInFunctions/dctDeleteMetadata.go:50.2,62.15 3 6
github.com/Reshusk23/sr-vm-common-go/builtInFunctions/dctDeleteMetadata.go:66.67,67.2 0 2
github.com/Reshusk23/sr-vm-common-go/builtInFunctions/dctDeleteMetadata.go:73.31,74.20 1 23
github.com/Reshusk23/sr-vm-common-go/builtInFunctions/dctDeleteMetadata.go:74.20,76.3 1 1
github.com/Reshusk23/sr-vm-common-go/builtInFunctions/dctDeleteMetadata.go:77.2,77.38 1 22
github.com/Reshusk23/sr-vm-common-go/builtInFunctions/dctDeleteMetadata.go:77.38,79.3 1 1
github.com/Reshusk23/sr-vm-common-go/builtInFunctions/dctDeleteMetadata.go:80.2,80.56 1 21
github.com/Reshusk23/sr-vm-common-go/builtInFunctions/dctDeleteMetadata.go:80.56,82.3 1 1
github.com/Reshusk23/sr-vm-common-go/builtInFunctions/dctDeleteMetadata.go:83.2,83.61 1 20
github.com/Reshusk23/sr-vm-common-go/builtInFunctions/dctDeleteMetadata.go:83.61,85.3 1 1
github.com/Reshusk23/sr-vm-common-go/builtInFunctions/dctDeleteMetadata.go:87.2,87.14 1 19
github.com/Reshusk23/sr-vm-common-go/builtInFunctions/dctDeleteMetadata.go:87.14,89.17 2 9
github.com/Reshusk23/sr-vm-common-go/builtInFunctions/dctDeleteMetadata.go:89.17,91.4 1 8
github.com/Reshusk23/sr-vm-common-go/builtInFunctions/dctDeleteMetadata.go:92.8,94.17 2 10
github.com/Reshusk23/sr-vm-common-go/builtInFunctions/dctDeleteMetadata.go:94.17,96.4 1 9
github.com/Reshusk23/sr-vm-common-go/builtInFunctions/dctDeleteMetadata.go:99.2,101.22 2 2
github.com/Reshusk23/sr-vm-common-go/builtInFunctions/dctDeleteMetadata.go:105.65,107.17 2 9
github.com/Reshusk23/sr-vm-common-go/builtInFunctions/dctDeleteMetadata.go:107.17,109.3 1 2
github.com/Reshusk23/sr-vm-common-go/builtInFunctions/dctDeleteMetadata.go:111.2,112.16 2 7
github.com/Reshusk23/sr-vm-common-go/builtInFunctions/dctDeleteMetadata.go:112.16,114.3 1 1
github.com/Reshusk23/sr-vm-common-go/builtInFunctions/dctDeleteMetadata.go:116.2,116.47 1 6
github.com/Reshusk23/sr-vm-common-go/builtInFunctions/dctDeleteMetadata.go:116.47,121.39 4 8
github.com/Reshusk23/sr-vm-common-go/builtInFunctions/dctDeleteMetadata.go:121.39,123.4 1 1
github.com/Reshusk23/sr-vm-common-go/builtInFunctions/dctDeleteMetadata.go:125.3,125.19 1 7
github.com/Reshusk23/sr-vm-common-go/builtInFunctions/dctDeleteMetadata.go:125.19,127.4 1 1
github.com/Reshusk23/sr-vm-common-go/builtInFunctions/dctDeleteMetadata.go:129.3,130.17 2 6
github.com/Reshusk23/sr-vm-common-go/builtInFunctions/dctDeleteMetadata.go:130.17,132.4 1 3
github.com/Reshusk23/sr-vm-common-go/builtInFunctions/dctDeleteMetadata.go:134.3,134.24 1 3
github.com/Reshusk23/sr-vm-common-go/builtInFunctions/dctDeleteMetadata.go:137.2,138.16 2 1
github.com/Reshusk23/sr-vm-common-go/builtInFunctions/dctDeleteMetadata.go:138.16,140.3 1 0
github.com/Reshusk23/sr-vm-common-go/builtInFunctions/dctDeleteMetadata.go:142.2,142.12 1 1
github.com/Reshusk23/sr-vm-common-go/builtInFunctions/dctDeleteMetadata.go:150.9,152.51 2 6
github.com/Reshusk23/sr-vm-common-go/builtInFunctions/dctDeleteMetadata.go:152.51,153.20 1 8
github.com/Reshusk23/sr-vm-common-go/builtInFunctions/dctDeleteMetadata.go:153.20,155.4 1 1
github.com/Reshusk23/sr-vm-common-go/builtInFunctions/dctDeleteMetadata.go:157.3,161.17 4 7
github.com/Reshusk23/sr-vm-common-go/builtInFunctions/dctDeleteMetadata.go:161.17,163.4 1 2
github.com/Reshusk23/sr-vm-common-go/builtInFunctions/dctDeleteMetadata.go:166.2,166.12 1 3
github.com/Reshusk23/sr-vm-common-go/builtInFunctions/dctDeleteMetadata.go:173.9,174.27 1 7
github.com/Reshusk23/sr-vm-common-go/builtInFunctions/dctDeleteMetadata.go:174.27,176.3 1 1
github.com/Reshusk23/sr-vm-common-go/builtInFunctions/dctDeleteMetadata.go:177.2,177.21 1 6
github.com/Reshusk23/sr-vm-common-go/builtInFunctions/dctDeleteMetadata.go:177.21,179.3 1 1
github.com/Reshusk23/sr-vm-common-go/builtInFunctions/dctDeleteMetadata.go:181.2,182.54 2 5
github.com/Reshusk23/sr-vm-common-go/builtInFunctions/dctDeleteMetadata.go:182.54,186.17 3 14
github.com/Reshusk23/sr-vm-common-go/builtInFunctions/dctDeleteMetadata.go:186.17,188.4 1 0
github.com/Reshusk23/sr-vm-common-go/builtInFunctions/dctDeleteMetadata.go:191.2,191.12 1 5
github.com/Reshusk23/sr-vm-common-go/builtInFunctions/dctDeleteMetadata.go:195.62,196.63 1 10
github.com/Reshusk23/sr-vm-common-go/builtInFunctions/dctDeleteMetadata.go:196.63,198.3 1 1
github.com/Reshusk23/sr-vm-common-go/builtInFunctions/dctDeleteMetadata.go:200.2,201.16 2 9
github.com/Reshusk23/sr-vm-common-go/builtInFunctions/dctDeleteMetadata.go:201.16,203.3 1 1
github.com/Reshusk23/sr-vm-common-go/builtInFunctions/dctDeleteMetadata.go:205.2,205.48 1 8
github.com/Reshusk23/sr-vm-common-go/builtInFunctions/dctDeleteMetadata.go:205.48,208.17 3 8
github.com/Reshusk23/sr-vm-common-go/builtInFunctions/dctDeleteMetadata.go:208.17,210.4 1 1
github.com/Reshusk23/sr-vm-common-go/builtInFunctions/dctDeleteMetadata.go:212.3,212.39 1 7
github.com/Reshusk23/sr-vm-common-go/builtInFunctions/dctDeleteMetadata.go:212.39,214.4 1 1
github.com/Reshusk23/sr-vm-common-go/builtInFunctions/dctDeleteMetadata.go:216.3,220.17 5 6
github.com/Reshusk23/sr-vm-common-go/builtInFunctions/dctDeleteMetadata.go:220.17,222.4 1 1
github.com/Reshusk23/sr-vm-common-go/builtInFunctions/dctDeleteMetadata.go:223.3,223.30 1 5
github.com/Reshusk23/sr-vm-common-go/builtInFunctions/dctDeleteMetadata.go:223.30,225.4 1 1
github.com/Reshusk23/sr-vm-common-go/builtInFunctions/dctDeleteMetadata.go:227.3,229.17 3 4
github.com/Reshusk23/sr-vm-common-go/builtInFunctions/dctDeleteMetadata.go:229.17,231.4 1 1
github.com/Reshusk23/sr-vm-common-go/builtInFunctions/dctDeleteMetadata.go:233.3,233.73 1 3
github.com/Reshusk23/sr-vm-common-go/builtInFunctions/dctDeleteMetadata.go:233.73,235.4 1 1
github.com/Reshusk23/sr-vm-common-go/builtInFunctions/dctDeleteMetadata.go:237.3,237.31 1 2
github.com/Reshusk23/sr-vm-common-go/builtInFunctions/dctDeleteMetadata.go:237.31,242.4 1 2
github.com/Reshusk23/sr-vm-common-go/builtInFunctions/dctDeleteMetadata.go:243.3,245.17 3 2
github.com/Reshusk23/sr-vm-common-go/builtInFunctions/dctDeleteMetadata.go:245.17,247.4 1 0
github.com/Reshusk23/sr-vm-common-go/builtInFunctions/dctDeleteMetadata.go:250.2,251.16 2 2
github.com/Reshusk23/sr-vm-common-go/builtInFunctions/dctDeleteMetadata.go:251.16,253.3 1 1
github.com/Reshusk23/sr-vm-common-go/builtInFunctions/dctDeleteMetadata.go:255.2,255.12 1 1
github.com/Reshusk23/sr-vm-common-go/builtInFunctions/dctDeleteMetadata.go:261.25,263.43 2 4
github.com/Reshusk23/sr-vm-common-go/builtInFunctions/dctDeleteMetadata.go:263.43,265.3 1 2
github.com/Reshusk23/sr-vm-common-go/builtInFunctions/dctDeleteMetadata.go:267.2,269.16 3 2
github.com/Reshusk23/sr-vm-common-go/builtInFunctions/dctDeleteMetadata.go:269.16,271.3 1 1
github.com/Reshusk23/sr-vm-common-go/builtInFunctions/dctDeleteMetadata.go:273.2,273.21 1 1
github.com/Reshusk23/sr-vm-common-go/builtInFunctions/dctDeleteMetadata.go:276.85,278.16 2 16
github.com/Reshusk23/sr-vm-common-go/builtInFunctions/dctDeleteMetadata.go:278.16,280.3 1 2
github.com/Reshusk23/sr-vm-common-go/builtInFunctions/dctDeleteMetadata.go:282.2,283.9 2 14
github.com/Reshusk23/sr-vm-common-go/builtInFunctions/dctDeleteMetadata.go:283.9,285.3 1 0
github.com/Reshusk23/sr-vm-common-go/builtInFunctions/dctDeleteMetadata.go:287.2,287.21 1 14
github.com/Reshusk23/sr-vm-common-go/builtInFunctions/dctDeleteMetadata.go:294.9,296.16 2 2
github.com/Reshusk23/sr-vm-common-go/builtInFunctions/dctDeleteMetadata.go:296.16,298.3 1 0
github.com/Reshusk23/sr-vm-common-go/builtInFunctions/dctDeleteMetadata.go:300.2,301.16 2 2
github.com/Reshusk23/sr-vm-common-go/builtInFunctions/dctDeleteMetadata.go:301.16,303.3 1 0
github.com/Reshusk23/sr-vm-common-go/builtInFunctions/dctDeleteMetadata.go:305.2,305.12 1 2
github.com/Reshusk23/sr-vm-common-go/builtInFunctions/dctDeleteMetadata.go:309.51,311.2 1 3
github.com/Reshusk23/sr-vm-common-go/builtInFunctions/dctFreezeWipe.go:29.27,30.29 1 9
github.com/Reshusk23/sr-vm-common-go/builtInFunctions/dctFreezeWipe.go:30.29,32.3 1 0
github.com/Reshusk23/sr-vm-common-go/builtInFunctions/dctFreezeWipe.go:33.2,33.36 1 9
github.com/Reshusk23/sr-vm-common-go/builtInFunctions/dctFreezeWipe.go:33.36,35.3 1 0
github.com/Reshusk23/sr-vm-common-go/builtInFunctions/dctFreezeWipe.go:36.2,36.38 1 9
github.com/Reshusk23/sr-vm-common-go/builtInFunctions/dctFreezeWipe.go:36.38,38.3 1 0
github.com/Reshusk23/sr-vm-common-go/builtInFunctions/dctFreezeWipe.go:40.2,49.15 2 9
github.com/Reshusk23/sr-vm-common-go/builtInFunctions/dctFreezeWipe.go:53.63,54.2 0 3
github.com/Reshusk23/sr-vm-common-go/builtInFunctions/dctFreezeWipe.go:60.31,61.20 1 14
github.com/Reshusk23/sr-vm-common-go/builtInFunctions/dctFreezeWipe.go:61.20,63.3 1 2
github.com/Reshusk23/sr-vm-common-go/builtInFunctions/dctFreezeWipe.go:64.2,64.38 1 12
github.com/Reshusk23/sr-vm-common-go/builtInFunctions/dctFreezeWipe.go:64.38,66.3 1 1
github.com/Reshusk23/sr-vm-common-go/builtInFunctions/dctFreezeWipe.go:67.2,67.33 1 11
github.com/Reshusk23/sr-vm-common-go/builtInFunctions/dctFreezeWipe.go:67.33,69.3 1 2
github.com/Reshusk23/sr-vm-common-go/builtInFunctions/dctFreezeWipe.go:70.2,70.57 1 9
github.com/Reshusk23/sr-vm-common-go/builtInFunctions/dctFreezeWipe.go:70.57,72.3 1 1
github.com/Reshusk23/sr-vm-common-go/builtInFunctions/dctFreezeWipe.go:73.2,73.26 1 8
github.com/Reshusk23/sr-vm-common-go/builtInFunctions/dctFreezeWipe.go:73.26,75.3 1 1
github.com/Reshusk23/sr-vm-common-go/builtInFunctions/dctFreezeWipe.go:77.2,83.12 5 7
github.com/Reshusk23/sr-vm-common-go/builtInFunctions/dctFreezeWipe.go:83.12,85.17 2 4
github.com/Reshusk23/sr-vm-common-go/builtInFunctions/dctFreezeWipe.go:85.17,87.4 1 1
github.com/Reshusk23/sr-vm-common-go/builtInFunctions/dctFreezeWipe.go:89.8,91.17 2 3
github.com/Reshusk23/sr-vm-common-go/builtInFunctions/dctFreezeWipe.go:91.17,93.4 1 0
github.com/Reshusk23/sr-vm-common-go/builtInFunctions/dctFreezeWipe.go:96.2,99.22 3 6
[...]
github.com/Reshusk23/sr-vm-common-go/builtInFunctions/multiDCTNFTTransfer.go:89.95,90.33 1 18
github.com/Reshusk23/sr-vm-common-go/builtInFunctions/multiDCTNFTTransfer.go:90.33,92.3 1 1
github.com/Reshusk23/sr-vm-common-go/builtInFunctions/multiDCTNFTTransfer.go:94.2,95.12 2 17
github.com/Reshusk23/sr-vm-common-go/builtInFunctions/multiDCTNFTTransfer.go:99.74,100.20 1 3
github.com/Reshusk23/sr-vm-common-go/builtInFunctions/multiDCTNFTTransfer.go:100.20,102.3 1 1
github.com/Reshusk23/sr-vm-common-go/builtInFunctions/multiDCTNFTTransfer.go:104.2,107.25 4 2
github.com/Reshusk23/sr-vm-common-go/builtInFunctions/multiDCTNFTTransfer.go:123.31,128.16 4 20
github.com/Reshusk23/sr-vm-common-go/builtInFunctions/multiDCTNFTTransfer.go:128.16,130.3 1 2
github.com/Reshusk23/sr-vm-common-go/builtInFunctions/multiDCTNFTTransfer.go:131.2,131.32 1 18
github.com/Reshusk23/sr-vm-common-go/builtInFunctions/multiDCTNFTTransfer.go:131.32,133.3 1 1
github.com/Reshusk23/sr-vm-common-go/builtInFunctions/multiDCTNFTTransfer.go:135.2,135.60 1 17
github.com/Reshusk23/sr-vm-common-go/builtInFunctions/multiDCTNFTTransfer.go:135.60,137.3 1 11
github.com/Reshusk23/sr-vm-common-go/builtInFunctions/multiDCTNFTTransfer.go:140.2,140.27 1 6
github.com/Reshusk23/sr-vm-common-go/builtInFunctions/multiDCTNFTTransfer.go:140.27,142.3 1 0
github.com/Reshusk23/sr-vm-common-go/builtInFunctions/multiDCTNFTTransfer.go:143.2,143.26 1 6
github.com/Reshusk23/sr-vm-common-go/builtInFunctions/multiDCTNFTTransfer.go:143.26,145.3 1 0
github.com/Reshusk23/sr-vm-common-go/builtInFunctions/multiDCTNFTTransfer.go:147.2,148.25 2 6
github.com/Reshusk23/sr-vm-common-go/builtInFunctions/multiDCTNFTTransfer.go:148.25,150.3 1 0
github.com/Reshusk23/sr-vm-common-go/builtInFunctions/multiDCTNFTTransfer.go:151.2,152.56 2 6
github.com/Reshusk23/sr-vm-common-go/builtInFunctions/multiDCTNFTTransfer.go:152.56,154.3 1 0
github.com/Reshusk23/sr-vm-common-go/builtInFunctions/multiDCTNFTTransfer.go:156.2,161.16 5 6
github.com/Reshusk23/sr-vm-common-go/builtInFunctions/multiDCTNFTTransfer.go:161.16,163.3 1 2
github.com/Reshusk23/sr-vm-common-go/builtInFunctions/multiDCTNFTTransfer.go:165.2,165.46 1 4
github.com/Reshusk23/sr-vm-common-go/builtInFunctions/multiDCTNFTTransfer.go:165.46,173.16 6 7
github.com/Reshusk23/sr-vm-common-go/builtInFunctions/multiDCTNFTTransfer.go:173.16,175.91 2 4
github.com/Reshusk23/sr-vm-common-go/builtInFunctions/multiDCTNFTTransfer.go:175.91,178.19 3 4
github.com/Reshusk23/sr-vm-common-go/builtInFunctions/multiDCTNFTTransfer.go:178.19,180.6 1 0
github.com/Reshusk23/sr-vm-common-go/builtInFunctions/multiDCTNFTTransfer.go:181.10,184.5 2 0
github.com/Reshusk23/sr-vm-common-go/builtInFunctions/multiDCTNFTTransfer.go:186.4,195.18 3 4
github.com/Reshusk23/sr-vm-common-go/builtInFunctions/multiDCTNFTTransfer.go:195.18,197.5 1 0
github.com/Reshusk23/sr-vm-common-go/builtInFunctions/multiDCTNFTTransfer.go:198.9,202.18 4 3
github.com/Reshusk23/sr-vm-common-go/builtInFunctions/multiDCTNFTTransfer.go:202.18,204.5 1 1
github.com/Reshusk23/sr-vm-common-go/builtInFunctions/multiDCTNFTTransfer.go:207.3,207.150 1 6
github.com/Reshusk23/sr-vm-common-go/builtInFunctions/multiDCTNFTTransfer.go:211.2,211.111 1 3
github.com/Reshusk23/sr-vm-common-go/builtInFunctions/multiDCTNFTTransfer.go:211.111,213.56 2 1
github.com/Reshusk23/sr-vm-common-go/builtInFunctions/multiDCTNFTTransfer.go:213.56,215.4 1 1
github.com/Reshusk23/sr-vm-common-go/builtInFunctions/multiDCTNFTTransfer.go:217.3,224.13 1 1
github.com/Reshusk23/sr-vm-common-go/builtInFunctions/multiDCTNFTTransfer.go:227.2,227.22 1 3
github.com/Reshusk23/sr-vm-common-go/builtInFunctions/multiDCTNFTTransfer.go:233.31,235.48 2 11
github.com/Reshusk23/sr-vm-common-go/builtInFunctions/multiDCTNFTTransfer.go:235.48,237.3 1 0
github.com/Reshusk23/sr-vm-common-go/builtInFunctions/multiDCTNFTTransfer.go:238.2,238.49 1 11
github.com/Reshusk23/sr-vm-common-go/builtInFunctions/multiDCTNFTTransfer.go:238.49,240.3 1 0
github.com/Reshusk23/sr-vm-common-go/builtInFunctions/multiDCTNFTTransfer.go:241.2,243.29 3 11
github.com/Reshusk23/sr-vm-common-go/builtInFunctions/multiDCTNFTTransfer.go:243.29,245.3 1 1
github.com/Reshusk23/sr-vm-common-go/builtInFunctions/multiDCTNFTTransfer.go:246.2,247.25 2 10
github.com/Reshusk23/sr-vm-common-go/builtInFunctions/multiDCTNFTTransfer.go:247.25,249.3 1 0
github.com/Reshusk23/sr-vm-common-go/builtInFunctions/multiDCTNFTTransfer.go:250.2,251.56 2 10
github.com/Reshusk23/sr-vm-common-go/builtInFunctions/multiDCTNFTTransfer.go:251.56,253.3 1 0
github.com/Reshusk23/sr-vm-common-go/builtInFunctions/multiDCTNFTTransfer.go:255.2,256.45 2 10
github.com/Reshusk23/sr-vm-common-go/builtInFunctions/multiDCTNFTTransfer.go:256.45,258.3 1 1
github.com/Reshusk23/sr-vm-common-go/builtInFunctions/multiDCTNFTTransfer.go:260.2,261.16 2 9
github.com/Reshusk23/sr-vm-common-go/builtInFunctions/multiDCTNFTTransfer.go:261.16,263.3 1 0
github.com/Reshusk23/sr-vm-common-go/builtInFunctions/multiDCTNFTTransfer.go:265.2,265.27 1 9
github.com/Reshusk23/sr-vm-common-go/builtInFunctions/multiDCTNFTTransfer.go:265.27,267.17 2 4
github.com/Reshusk23/sr-vm-common-go/builtInFunctions/multiDCTNFTTransfer.go:267.17,269.4 1 0
github.com/Reshusk23/sr-vm-common-go/builtInFunctions/multiDCTNFTTransfer.go:272.2,282.46 5 9
github.com/Reshusk23/sr-vm-common-go/builtInFunctions/multiDCTNFTTransfer.go:282.46,290.44 3 15
github.com/Reshusk23/sr-vm-common-go/builtInFunctions/multiDCTNFTTransfer.go:290.44,292.4 1 9
github.com/Reshusk23/sr-vm-common-go/builtInFunctions/multiDCTNFTTransfer.go:294.3,300.17 2 15
github.com/Reshusk23/sr-vm-common-go/builtInFunctions/multiDCTNFTTransfer.go:300.17,302.4 1 2
github.com/Reshusk23/sr-vm-common-go/builtInFunctions/multiDCTNFTTransfer.go:304.3,304.214 1 13
github.com/Reshusk23/sr-vm-common-go/builtInFunctions/multiDCTNFTTransfer.go:307.2,307.27 1 7
github.com/Reshusk23/sr-vm-common-go/builtInFunctions/multiDCTNFTTransfer.go:307.27,309.17 2 2
github.com/Reshusk23/sr-vm-common-go/builtInFunctions/multiDCTNFTTransfer.go:309.17,311.4 1 0
github.com/Reshusk23/sr-vm-common-go/builtInFunctions/multiDCTNFTTransfer.go:314.2,315.16 2 7
github.com/Reshusk23/sr-vm-common-go/builtInFunctions/multiDCTNFTTransfer.go:315.16,317.3 1 0
github.com/Reshusk23/sr-vm-common-go/builtInFunctions/multiDCTNFTTransfer.go:319.2,319.22 1 7
github.com/Reshusk23/sr-vm-common-go/builtInFunctions/multiDCTNFTTransfer.go:328.25,329.42 1 15
github.com/Reshusk23/sr-vm-common-go/builtInFunctions/multiDCTNFTTransfer.go:329.42,331.3 1 0
github.com/Reshusk23/sr-vm-common-go/builtInFunctions/multiDCTNFTTransfer.go:333.2,335.16 3 15
github.com/Reshusk23/sr-vm-common-go/builtInFunctions/multiDCTNFTTransfer.go:335.16,337.3 1 0
github.com/Reshusk23/sr-vm-common-go/builtInFunctions/multiDCTNFTTransfer.go:339.2,339.50 1 15
github.com/Reshusk23/sr-vm-common-go/builtInFunctions/multiDCTNFTTransfer.go:339.50,341.3 1 0
github.com/Reshusk23/sr-vm-common-go/builtInFunctions/multiDCTNFTTransfer.go:342.2,345.16 3 15
github.com/Reshusk23/sr-vm-common-go/builtInFunctions/multiDCTNFTTransfer.go:345.16,347.3 1 0
github.com/Reshusk23/sr-vm-common-go/builtInFunctions/multiDCTNFTTransfer.go:349.2,352.77 3 15
github.com/Reshusk23/sr-vm-common-go/builtInFunctions/multiDCTNFTTransfer.go:352.77,354.3 1 15
github.com/Reshusk23/sr-vm-common-go/builtInFunctions/multiDCTNFTTransfer.go:356.2,357.16 2 15
github.com/Reshusk23/sr-vm-common-go/builtInFunctions/multiDCTNFTTransfer.go:357.16,359.3 1 1
github.com/Reshusk23/sr-vm-common-go/builtInFunctions/multiDCTNFTTransfer.go:361.2,361.27 1 14
github.com/Reshusk23/sr-vm-common-go/builtInFunctions/multiDCTNFTTransfer.go:361.27,363.17 2 5
github.com/Reshusk23/sr-vm-common-go/builtInFunctions/multiDCTNFTTransfer.go:363.17,365.4 1 1
github.com/Reshusk23/sr-vm-common-go/builtInFunctions/multiDCTNFTTransfer.go:366.8,368.17 2 9
github.com/Reshusk23/sr-vm-common-go/builtInFunctions/multiDCTNFTTransfer.go:368.17,370.4 1 0
github.com/Reshusk23/sr-vm-common-go/builtInFunctions/multiDCTNFTTransfer.go:373.2,373.21 1 13
github.com/Reshusk23/sr-vm-common-go/builtInFunctions/multiDCTNFTTransfer.go:376.78,378.15 2 2
github.com/Reshusk23/sr-vm-common-go/builtInFunctions/multiDCTNFTTransfer.go:378.15,380.3 1 1
github.com/Reshusk23/sr-vm-common-go/builtInFunctions/multiDCTNFTTransfer.go:382.2,382.12 1 2
github.com/Reshusk23/sr-vm-common-go/builtInFunctions/multiDCTNFTTransfer.go:385.108,386.77 1 9
github.com/Reshusk23/sr-vm-common-go/builtInFunctions/multiDCTNFTTransfer.go:386.77,388.3 1 5
github.com/Reshusk23/sr-vm-common-go/builtInFunctions/multiDCTNFTTransfer.go:390.2,391.20 2 4
github.com/Reshusk23/sr-vm-common-go/builtInFunctions/multiDCTNFTTransfer.go:391.20,393.3 1 0
github.com/Reshusk23/sr-vm-common-go/builtInFunctions/multiDCTNFTTransfer.go:394.2,395.9 2 4
github.com/Reshusk23/sr-vm-common-go/builtInFunctions/multiDCTNFTTransfer.go:395.9,397.3 1 0
github.com/Reshusk23/sr-vm-common-go/builtInFunctions/multiDCTNFTTransfer.go:399.2,399.25 1 4
github.com/Reshusk23/sr-vm-common-go/builtInFunctions/multiDCTNFTTransfer.go:408.9,413.47 4 7
github.com/Reshusk23/sr-vm-common-go/builtInFunctions/multiDCTNFTTransfer.go:413.47,416.36 3 13
github.com/Reshusk23/sr-vm-common-go/builtInFunctions/multiDCTNFTTransfer.go:416.36,418.4 1 7
github.com/Reshusk23/sr-vm-common-go/builtInFunctions/multiDCTNFTTransfer.go:419.3,421.36 2 13
github.com/Reshusk23/sr-vm-common-go/builtInFunctions/multiDCTNFTTransfer.go:421.36,423.18 2 7
github.com/Reshusk23/sr-vm-common-go/builtInFunctions/multiDCTNFTTransfer.go:423.18,425.5 1 0
github.com/Reshusk23/sr-vm-common-go/builtInFunctions/multiDCTNFTTransfer.go:427.4,429.38 2 7
github.com/Reshusk23/sr-vm-common-go/builtInFunctions/multiDCTNFTTransfer.go:429.38,431.19 2 7
github.com/Reshusk23/sr-vm-common-go/builtInFunctions/multiDCTNFTTransfer.go:431.19,433.6 1 0
github.com/Reshusk23/sr-vm-common-go/builtInFunctions/multiDCTNFTTransfer.go:435.5,436.47 2 7
github.com/Reshusk23/sr-vm-common-go/builtInFunctions/multiDCTNFTTransfer.go:436.47,438.6 1 0
github.com/Reshusk23/sr-vm-common-go/builtInFunctions/multiDCTNFTTransfer.go:439.5,441.80 2 7
github.com/Reshusk23/sr-vm-common-go/builtInFunctions/multiDCTNFTTransfer.go:442.10,444.5 1 0
github.com/Reshusk23/sr-vm-common-go/builtInFunctions/multiDCTNFTTransfer.go:446.9,448.4 1 6
github.com/Reshusk23/sr-vm-common-go/builtInFunctions/multiDCTNFTTransfer.go:451.2,452.56 2 7
github.com/Reshusk23/sr-vm-common-go/builtInFunctions/multiDCTNFTTransfer.go:452.56,454.3 1 3
github.com/Reshusk23/sr-vm-common-go/builtInFunctions/multiDCTNFTTransfer.go:456.2,458.77 2 7
github.com/Reshusk23/sr-vm-common-go/builtInFunctions/multiDCTNFTTransfer.go:458.77,460.20 2 5
github.com/Reshusk23/sr-vm-common-go/builtInFunctions/multiDCTNFTTransfer.go:460.20,463.4 2 0
github.com/Reshusk23/sr-vm-common-go/builtInFunctions/multiDCTNFTTransfer.go:464.3,475.13 2 5
github.com/Reshusk23/sr-vm-common-go/builtInFunctions/multiDCTNFTTransfer.go:478.2,478.19 1 2
github.com/Reshusk23/sr-vm-common-go/builtInFunctions/multiDCTNFTTransfer.go:478.19,480.59 2 1
github.com/Reshusk23/sr-vm-common-go/builtInFunctions/multiDCTNFTTransfer.go:480.59,482.4 1 1
github.com/Reshusk23/sr-vm-common-go/builtInFunctions/multiDCTNFTTransfer.go:484.3,491.13 1 1
github.com/Reshusk23/sr-vm-common-go/builtInFunctions/multiDCTNFTTransfer.go:494.2,494.12 1 2
github.com/Reshusk23/sr-vm-common-go/builtInFunctions/multiDCTNFTTransfer.go:505.9,507.60 2 9
github.com/Reshusk23/sr-vm-common-go/builtInFunctions/multiDCTNFTTransfer.go:507.60,509.3 1 0
github.com/Reshusk23/sr-vm-common-go/builtInFunctions/multiDCTNFTTransfer.go:510.2,511.16 2 9
github.com/Reshusk23/sr-vm-common-go/builtInFunctions/multiDCTNFTTransfer.go:511.16,513.3 1 1
github.com/Reshusk23/sr-vm-common-go/builtInFunctions/multiDCTNFTTransfer.go:515.2,518.16 4 8
github.com/Reshusk23/sr-vm-common-go/builtInFunctions/multiDCTNFTTransfer.go:518.16,520.3 1 0
github.com/Reshusk23/sr-vm-common-go/builtInFunctions/multiDCTNFTTransfer.go:522.2,523.18 2 8
github.com/Reshusk23/sr-vm-common-go/builtInFunctions/multiDCTNFTTransfer.go:523.18,525.17 2 0
github.com/Reshusk23/sr-vm-common-go/builtInFunctions/multiDCTNFTTransfer.go:525.17,527.4 1 0
github.com/Reshusk23/sr-vm-common-go/builtInFunctions/multiDCTNFTTransfer.go:530.2,530.12 1 8
github.com/Reshusk23/sr-vm-common-go/builtInFunctions/multiDCTNFTTransfer.go:534.53,536.2 1 9
github.com/Reshusk23/sr-vm-common-go/builtInFunctions/payable.go:21.26,22.26 1 14
github.com/Reshusk23/sr-vm-common-go/builtInFunctions/payable.go:22.26,24.3 1 2
github.com/Reshusk23/sr-vm-common-go/builtInFunctions/payable.go:25.2,25.38 1 12
github.com/Reshusk23/sr-vm-common-go/builtInFunctions/payable.go:25.38,27.3 1 1
github.com/Reshusk23/sr-vm-common-go/builtInFunctions/payable.go:29.2,32.8 1 11
github.com/Reshusk23/sr-vm-common-go/builtInFunctions/payable.go:35.105,37.64 2 32
github.com/Reshusk23/sr-vm-common-go/builtInFunctions/payable.go:37.64,39.35 2 20
github.com/Reshusk23/sr-vm-common-go/builtInFunctions/payable.go:39.35,41.4 1 1
github.com/Reshusk23/sr-vm-common-go/builtInFunctions/payable.go:43.2,43.86 1 31
github.com/Reshusk23/sr-vm-common-go/builtInFunctions/payable.go:43.86,45.3 1 5
github.com/Reshusk23/sr-vm-common-go/builtInFunctions/payable.go:46.2,46.56 1 26
github.com/Reshusk23/sr-vm-common-go/builtInFunctions/payable.go:46.56,48.3 1 2
github.com/Reshusk23/sr-vm-common-go/builtInFunctions/payable.go:49.2,49.46 1 24
github.com/Reshusk23/sr-vm-common-go/builtInFunctions/payable.go:49.46,50.65 1 9
github.com/Reshusk23/sr-vm-common-go/builtInFunctions/payable.go:50.65,51.51 1 6
github.com/Reshusk23/sr-vm-common-go/builtInFunctions/payable.go:51.51,53.5 1 5
github.com/Reshusk23/sr-vm-common-go/builtInFunctions/payable.go:54.9,56.4 1 3
github.com/Reshusk23/sr-vm-common-go/builtInFunctions/payable.go:59.2,59.13 1 16
github.com/Reshusk23/sr-vm-common-go/builtInFunctions/payable.go:63.120,64.52 1 8
github.com/Reshusk23/sr-vm-common-go/builtInFunctions/payable.go:64.52,66.3 1 3
github.com/Reshusk23/sr-vm-common-go/builtInFunctions/payable.go:68.2,69.25 2 5
github.com/Reshusk23/sr-vm-common-go/builtInFunctions/payable.go:69.25,71.3 1 1
github.com/Reshusk23/sr-vm-common-go/builtInFunctions/payable.go:72.2,72.16 1 4
github.com/Reshusk23/sr-vm-common-go/builtInFunctions/payable.go:72.16,74.3 1 3
github.com/Reshusk23/sr-vm-common-go/builtInFunctions/payable.go:76.2,76.12 1 1
github.com/Reshusk23/sr-vm-common-go/builtInFunctions/payable.go:80.130,81.47 1 21
github.com/Reshusk23/sr-vm-common-go/builtInFunctions/payable.go:81.47,83.3 1 9
github.com/Reshusk23/sr-vm-common-go/builtInFunctions/payable.go:84.2,84.81 1 12
github.com/Reshusk23/sr-vm-common-go/builtInFunctions/payable.go:84.81,86.3 1 2
github.com/Reshusk23/sr-vm-common-go/builtInFunctions/payable.go:87.2,87.51 1 10
github.com/Reshusk23/sr-vm-common-go/builtInFunctions/payable.go:87.51,89.3 1 2
github.com/Reshusk23/sr-vm-common-go/builtInFunctions/payable.go:90.2,90.64 1 8
github.com/Reshusk23/sr-vm-common-go/builtInFunctions/payable.go:90.64,91.51 1 5
github.com/Reshusk23/sr-vm-common-go/builtInFunctions/payable.go:91.51,93.4 1 1
github.com/Reshusk23/sr-vm-common-go/builtInFunctions/payable.go:96.2,96.13 1 7
github.com/Reshusk23/sr-vm-common-go/builtInFunctions/payable.go:100.46,102.2 1 9
github.com/Reshusk23/sr-vm-common-go/builtInFunctions/saveUserName.go:27.26,28.28 1 1
github.com/Reshusk23/sr-vm-common-go/builtInFunctions/saveUserName.go:28.28,30.3 1 0
github.com/Reshusk23/sr-vm-common-go/builtInFunctions/saveUserName.go:32.2,37.35 3 1
github.com/Reshusk23/sr-vm-common-go/builtInFunctions/saveUserName.go:37.35,39.3 1 0
github.com/Reshusk23/sr-vm-common-go/builtInFunctions/saveUserName.go:41.2,41.15 1 1
github.com/Reshusk23/sr-vm-common-go/builtInFunctions/saveUserName.go:45.67,46.20 1 1
github.com/Reshusk23/sr-vm-common-go/builtInFunctions/saveUserName.go:46.20,48.3 1 0
github.com/Reshusk23/sr-vm-common-go/builtInFunctions/saveUserName.go:50.2,52.25 3 1
github.com/Reshusk23/sr-vm-common-go/builtInFunctions/saveUserName.go:59.31,63.20 3 5
github.com/Reshusk23/sr-vm-common-go/builtInFunctions/saveUserName.go:63.20,65.3 1 1
github.com/Reshusk23/sr-vm-common-go/builtInFunctions/saveUserName.go:66.2,66.38 1 4
github.com/Reshusk23/sr-vm-common-go/builtInFunctions/saveUserName.go:66.38,68.3 1 0
github.com/Reshusk23/sr-vm-common-go/builtInFunctions/saveUserName.go:69.2,69.37 1 4
github.com/Reshusk23/sr-vm-common-go/builtInFunctions/saveUserName.go:69.37,71.3 1 0
github.com/Reshusk23/sr-vm-common-go/builtInFunctions/saveUserName.go:72.2,73.9 2 4
github.com/Reshusk23/sr-vm-common-go/builtInFunctions/saveUserName.go:73.9,75.3 1 0
github.com/Reshusk23/sr-vm-common-go/builtInFunctions/saveUserName.go:76.2,76.33 1 4
github.com/Reshusk23/sr-vm-common-go/builtInFunctions/saveUserName.go:76.33,78.3 1 1
github.com/Reshusk23/sr-vm-common-go/builtInFunctions/saveUserName.go:80.2,80.26 1 3
github.com/Reshusk23/sr-vm-common-go/builtInFunctions/saveUserName.go:80.26,98.3 6 1
github.com/Reshusk23/sr-vm-common-go/builtInFunctions/saveUserName.go:100.2,101.49 2 2
github.com/Reshusk23/sr-vm-common-go/builtInFunctions/saveUserName.go:101.49,103.3 1 1
github.com/Reshusk23/sr-vm-common-go/builtInFunctions/saveUserName.go:105.2,107.104 2 1
github.com/Reshusk23/sr-vm-common-go/builtInFunctions/saveUserName.go:111.46,113.2 1 1
github.com/Reshusk23/sr-vm-common-go/builtInFunctions/updateNFTAttributes.go:31.26,32.36 1 15
github.com/Reshusk23/sr-vm-common-go/builtInFunctions/updateNFTAttributes.go:32.36,34.3 1 1
github.com/Reshusk23/sr-vm-common-go/builtInFunctions/updateNFTAttributes.go:35.2,35.40 1 14
github.com/Reshusk23/sr-vm-common-go/builtInFunctions/updateNFTAttributes.go:35.40,37.3 1 1
github.com/Reshusk23/sr-vm-common-go/builtInFunctions/updateNFTAttributes.go:38.2,38.31 1 13
github.com/Reshusk23/sr-vm-common-go/builtInFunctions/updateNFTAttributes.go:38.31,40.3 1 1
github.com/Reshusk23/sr-vm-common-go/builtInFunctions/updateNFTAttributes.go:41.2,41.38 1 12
github.com/Reshusk23/sr-vm-common-go/builtInFunctions/updateNFTAttributes.go:41.38,43.3 1 1
github.com/Reshusk23/sr-vm-common-go/builtInFunctions/updateNFTAttributes.go:45.2,57.15 3 11
github.com/Reshusk23/sr-vm-common-go/builtInFunctions/updateNFTAttributes.go:61.67,62.20 1 3
github.com/Reshusk23/sr-vm-common-go/builtInFunctions/updateNFTAttributes.go:62.20,64.3 1 1
github.com/Reshusk23/sr-vm-common-go/builtInFunctions/updateNFTAttributes.go:66.2,69.25 4 2
github.com/Reshusk23/sr-vm-common-go/builtInFunctions/updateNFTAttributes.go:80.31,85.16 4 13
github.com/Reshusk23/sr-vm-common-go/builtInFunctions/updateNFTAttributes.go:85.16,87.3 1 7
github.com/Reshusk23/sr-vm-common-go/builtInFunctions/updateNFTAttributes.go:88.2,88.33 1 6
github.com/Reshusk23/sr-vm-common-go/builtInFunctions/updateNFTAttributes.go:88.33,90.3 1 1
github.com/Reshusk23/sr-vm-common-go/builtInFunctions/updateNFTAttributes.go:92.2,93.16 2 5
github.com/Reshusk23/sr-vm-common-go/builtInFunctions/updateNFTAttributes.go:93.16,95.3 1 1
github.com/Reshusk23/sr-vm-common-go/builtInFunctions/updateNFTAttributes.go:97.2,98.57 2 4
github.com/Reshusk23/sr-vm-common-go/builtInFunctions/updateNFTAttributes.go:98.57,100.3 1 0
github.com/Reshusk23/sr-vm-common-go/builtInFunctions/updateNFTAttributes.go:102.2,104.16 3 4
github.com/Reshusk23/sr-vm-common-go/builtInFunctions/updateNFTAttributes.go:104.16,106.3 1 1
github.com/Reshusk23/sr-vm-common-go/builtInFunctions/updateNFTAttributes.go:107.2,108.16 2 3
github.com/Reshusk23/sr-vm-common-go/builtInFunctions/updateNFTAttributes.go:108.16,110.3 1 1
github.com/Reshusk23/sr-vm-common-go/builtInFunctions/updateNFTAttributes.go:112.2,115.16 3 2
github.com/Reshusk23/sr-vm-common-go/builtInFunctions/updateNFTAttributes.go:115.16,117.3 1 1
github.com/Reshusk23/sr-vm-common-go/builtInFunctions/updateNFTAttributes.go:119.2,126.22 3 1
github.com/Reshusk23/sr-vm-common-go/builtInFunctions/updateNFTAttributes.go:130.46,132.2 1 6
